This is LuaTeX, Version 1.10.0 (MiKTeX 2.9.7050 64-bit)  (format=lualatex 2019.6.13)  5 JUL 2019 14:28
 restricted system commands enabled.
**Lista_econometria_II.tex
(./Lista_econometria_II.tex
LaTeX2e <2018-12-01>
Lua module: luaotfload-main 2019-05-18 2.97 luaotfload entry point
Lua module: luaotfload-init 2019-05-18 2.97 luaotfload submodule / initializatio
n
Lua module: lualibs 2019-05-18 2.65 ConTeXt Lua standard libraries.
Lua module: lualibs-extended 2019-05-18 2.65 ConTeXt Lua libraries -- extended c
ollection.
Lua module: luaotfload-log 2019-05-18 2.97 luaotfload submodule / logging
Lua module: luaotfload-parsers 2019-05-18 2.97 luaotfload submodule / filelist
Lua module: luaotfload-configuration 2019-05-18 2.97 luaotfload submodule / conf
ig file reader
luaotfload | conf : Root cache directory is C:/Users/36072/AppData/Local/MiKTeX/
2.9/luatex-cache/generic/names.
luaotfload | init : Loading fontloader “fontloader-2019-05-18.lua” from kpse
-resolved path “C:/Program Files/MiKTeX 2.9/tex/luatex/luaotfload/fontloader-2
019-05-18.lua”.
Lua-only attribute luaotfload@state = 2
Lua-only attribute luaotfload@noligature = 3
Lua-only attribute luaotfload@syllabe = 4
luaotfload | init : Context OpenType loader version “3.108”
Inserting `luaotfload.node_processor' at position 1 in `pre_linebreak_filter'.
Inserting `luaotfload.node_processor' at position 1 in `hpack_filter'.
Lua module: luaotfload-loaders 2019-05-18 2.97 luaotfload submodule / callback h
andling
Inserting `luaotfload.define_font' at position 1 in `define_font'.
Lua module: luaotfload-database 2019-05-18 2.97 luaotfload submodule / database
Lua module: luaotfload-colors 2019-05-18 2.97 luaotfload submodule / color
Lua-only attribute luaotfload_color_attribute = 5
Lua module: luaotfload-resolvers 2019-05-18 2.97 luaotfload submodule / resolver
s
luaotfload | conf : Root cache directory is C:/Users/36072/AppData/Local/MiKTeX/
2.9/luatex-cache/generic/names.
Lua module: luaotfload-features 2019-05-18 2.97 luaotfload submodule / features
Lua module: luaotfload-letterspace 2019-05-18 2.97 luaotfload submodule / color
Lua module: luaotfload-auxiliary 2019-05-18 2.97 luaotfload submodule / auxiliar
y functions
Inserting `luaotfload.aux.set_sscale_dimens' at position 1 in `luaotfload.patch_
font'.
Inserting `luaotfload.aux.patch_cambria_domh' at position 2 in `luaotfload.patch
_font'.
Inserting `luaotfload.aux.fixup_fontdata' at position 1 in `luaotfload.patch_fon
t_unsafe'.
Inserting `luaotfload.aux.set_capheight' at position 3 in `luaotfload.patch_font
'.
Inserting `luaotfload.rewrite_fontname' at position 4 in `luaotfload.patch_font'
.
luaotfload | main : initialization completed in 0.584 seconds
("C:/Program Files/MiKTeX 2.9/tex/latex/base/article.cls"
Document Class: article 2018/09/03 v1.4i Standard LaTeX document class
("C:/Program Files/MiKTeX 2.9/tex/latex/base/size12.clo"
File: size12.clo 2018/09/03 v1.4i Standard LaTeX file (size option)
luaotfload | db : Font names database loaded from C:/Users/36072/AppData/Local/M
iKTeX/2.9/luatex-cache/generic/names/luaotfload-names.luc)
\c@part=\count80
\c@section=\count81
\c@subsection=\count82
\c@subsubsection=\count83
\c@paragraph=\count84
\c@subparagraph=\count85
\c@figure=\count86
\c@table=\count87
\abovecaptionskip=\skip41
\belowcaptionskip=\skip42
\bibindent=\dimen102
) ("C:/Program Files/MiKTeX 2.9/tex/latex/lm/lmodern.sty"
Package: lmodern 2009/10/30 v1.6 Latin Modern Fonts
LaTeX Font Info:    Overwriting symbol font `operators' in version `normal'
(Font)                  OT1/cmr/m/n --> OT1/lmr/m/n on input line 22.
LaTeX Font Info:    Overwriting symbol font `letters' in version `normal'
(Font)                  OML/cmm/m/it --> OML/lmm/m/it on input line 23.
LaTeX Font Info:    Overwriting symbol font `symbols' in version `normal'
(Font)                  OMS/cmsy/m/n --> OMS/lmsy/m/n on input line 24.
LaTeX Font Info:    Overwriting symbol font `largesymbols' in version `normal'
(Font)                  OMX/cmex/m/n --> OMX/lmex/m/n on input line 25.
LaTeX Font Info:    Overwriting symbol font `operators' in version `bold'
(Font)                  OT1/cmr/bx/n --> OT1/lmr/bx/n on input line 26.
LaTeX Font Info:    Overwriting symbol font `letters' in version `bold'
(Font)                  OML/cmm/b/it --> OML/lmm/b/it on input line 27.
LaTeX Font Info:    Overwriting symbol font `symbols' in version `bold'
(Font)                  OMS/cmsy/b/n --> OMS/lmsy/b/n on input line 28.
LaTeX Font Info:    Overwriting symbol font `largesymbols' in version `bold'
(Font)                  OMX/cmex/m/n --> OMX/lmex/m/n on input line 29.
LaTeX Font Info:    Overwriting math alphabet `\mathbf' in version `normal'
(Font)                  OT1/cmr/bx/n --> OT1/lmr/bx/n on input line 31.
LaTeX Font Info:    Overwriting math alphabet `\mathsf' in version `normal'
(Font)                  OT1/cmss/m/n --> OT1/lmss/m/n on input line 32.
LaTeX Font Info:    Overwriting math alphabet `\mathit' in version `normal'
(Font)                  OT1/cmr/m/it --> OT1/lmr/m/it on input line 33.
LaTeX Font Info:    Overwriting math alphabet `\mathtt' in version `normal'
(Font)                  OT1/cmtt/m/n --> OT1/lmtt/m/n on input line 34.
LaTeX Font Info:    Overwriting math alphabet `\mathbf' in version `bold'
(Font)                  OT1/cmr/bx/n --> OT1/lmr/bx/n on input line 35.
LaTeX Font Info:    Overwriting math alphabet `\mathsf' in version `bold'
(Font)                  OT1/cmss/bx/n --> OT1/lmss/bx/n on input line 36.
LaTeX Font Info:    Overwriting math alphabet `\mathit' in version `bold'
(Font)                  OT1/cmr/bx/it --> OT1/lmr/bx/it on input line 37.
LaTeX Font Info:    Overwriting math alphabet `\mathtt' in version `bold'
(Font)                  OT1/cmtt/m/n --> OT1/lmtt/m/n on input line 38.
) ("C:/Program Files/MiKTeX 2.9/tex/latex/amsfonts/amssymb.sty"
Package: amssymb 2013/01/14 v3.01 AMS font symbols
("C:/Program Files/MiKTeX 2.9/tex/latex/amsfonts/amsfonts.sty"
Package: amsfonts 2013/01/14 v3.01 Basic AMSFonts support
\@emptytoks=\toks14
\symAMSa=\mathgroup4
\symAMSb=\mathgroup5
LaTeX Font Info:    Overwriting math alphabet `\mathfrak' in version `bold'
(Font)                  U/euf/m/n --> U/euf/b/n on input line 106.
)) ("C:/Program Files/MiKTeX 2.9/tex/latex/amsmath/amsmath.sty"
Package: amsmath 2018/12/01 v2.17b AMS math features
\@mathmargin=\skip43
For additional information on amsmath, use the `?' option.
("C:/Program Files/MiKTeX 2.9/tex/latex/amsmath/amstext.sty"
Package: amstext 2000/06/29 v2.01 AMS text
("C:/Program Files/MiKTeX 2.9/tex/latex/amsmath/amsgen.sty"
File: amsgen.sty 1999/11/30 v2.0 generic functions
\@emptytoks=\toks15
\ex@=\dimen103
)) ("C:/Program Files/MiKTeX 2.9/tex/latex/amsmath/amsbsy.sty"
Package: amsbsy 1999/11/29 v1.2d Bold Symbols
\pmbraise@=\dimen104
) ("C:/Program Files/MiKTeX 2.9/tex/latex/amsmath/amsopn.sty"
Package: amsopn 2016/03/08 v2.02 operator names
)
\inf@bad=\count88
LaTeX Info: Redefining \frac on input line 223.
\uproot@=\count89
\leftroot@=\count90
LaTeX Info: Redefining \overline on input line 385.
\classnum@=\count91
\DOTSCASE@=\count92
LaTeX Info: Redefining \ldots on input line 482.
LaTeX Info: Redefining \dots on input line 485.
LaTeX Info: Redefining \cdots on input line 606.
\Mathstrutbox@=\box27
\strutbox@=\box28
\big@size=\dimen105
LaTeX Font Info:    Redeclaring font encoding OML on input line 729.
LaTeX Font Info:    Redeclaring font encoding OMS on input line 730.
\macc@depth=\count93
\c@MaxMatrixCols=\count94
\dotsspace@=\muskip10
\c@parentequation=\count95
\dspbrk@lvl=\count96
\tag@help=\toks16
\row@=\count97
\column@=\count98
\maxfields@=\count99
\andhelp@=\toks17
\eqnshift@=\dimen106
\alignsep@=\dimen107
\tagshift@=\dimen108
\tagwidth@=\dimen109
\totwidth@=\dimen110
\lineht@=\dimen111
\@envbody=\toks18
\multlinegap=\skip44
\multlinetaggap=\skip45
\mathdisplay@stack=\toks19
LaTeX Info: Redefining \[ on input line 2844.
LaTeX Info: Redefining \] on input line 2845.
) ("C:/Program Files/MiKTeX 2.9/tex/generic/ifxetex/ifxetex.sty"
Package: ifxetex 2010/09/12 v0.6 Provides ifxetex conditional
) ("C:/Program Files/MiKTeX 2.9/tex/generic/oberdiek/ifluatex.sty"
Package: ifluatex 2016/05/16 v1.4 Provides the ifluatex switch (HO)
Package ifluatex Info: LuaTeX detected.
) ("C:/Program Files/MiKTeX 2.9/tex/latex/base/fixltx2e.sty"
Package: fixltx2e 2016/12/29 v2.1a fixes to LaTeX (obsolete)
Applying: [2015/01/01] Old fixltx2e package on input line 46.

Package fixltx2e Warning: fixltx2e is not required with releases after 2015
(fixltx2e)                All fixes are now in the LaTeX kernel.
(fixltx2e)                See the latexrelease package for details.

Already applied: [0000/00/00] Old fixltx2e package on input line 53.
) ("C:/Program Files/MiKTeX 2.9/tex/latex/fontspec/fontspec.sty"
(C:/Users/36072/AppData/Roaming/MiKTeX/2.9/tex/latex/l3packages/xparse/xparse.s
ty (C:/Users/36072/AppData/Roaming/MiKTeX/2.9/tex/latex/l3kernel/expl3.sty
Package: expl3 2019-05-28 L3 programming layer (loader) 
(C:/Users/36072/AppData/Roaming/MiKTeX/2.9/tex/latex/l3kernel/expl3-code.tex
Package: expl3 2019-05-28 L3 programming layer (code)
\ucharcat@table=\catcodetable5
\c_max_int=\count100
\l_tmpa_int=\count101
\l_tmpb_int=\count102
\g_tmpa_int=\count103
\g_tmpb_int=\count104
\g__kernel_prg_map_int=\count105
\c__ior_term_ior=\count106
\c_log_iow=\count107
\l_iow_line_count_int=\count108
\l__iow_line_target_int=\count109
\l__iow_one_indent_int=\count110
\l__iow_indent_int=\count111
\c_zero_dim=\dimen112
\c_max_dim=\dimen113
\l_tmpa_dim=\dimen114
\l_tmpb_dim=\dimen115
\g_tmpa_dim=\dimen116
\g_tmpb_dim=\dimen117
\c_zero_skip=\skip46
\c_max_skip=\skip47
\l_tmpa_skip=\skip48
\l_tmpb_skip=\skip49
\g_tmpa_skip=\skip50
\g_tmpb_skip=\skip51
\c_zero_muskip=\muskip11
\c_max_muskip=\muskip12
\l_tmpa_muskip=\muskip13
\l_tmpb_muskip=\muskip14
\g_tmpa_muskip=\muskip15
\g_tmpb_muskip=\muskip16
\l_keys_choice_int=\count112
\l__intarray_loop_int=\count113
\c__intarray_sp_dim=\dimen118
\g__intarray_font_int=\count114
\c__fp_leading_shift_int=\count115
\c__fp_middle_shift_int=\count116
\c__fp_trailing_shift_int=\count117
\c__fp_big_leading_shift_int=\count118
\c__fp_big_middle_shift_int=\count119
\c__fp_big_trailing_shift_int=\count120
\c__fp_Bigg_leading_shift_int=\count121
\c__fp_Bigg_middle_shift_int=\count122
\c__fp_Bigg_trailing_shift_int=\count123
\g__fp_array_int=\count124
\l__fp_array_loop_int=\count125
\l__sort_length_int=\count126
\l__sort_min_int=\count127
\l__sort_top_int=\count128
\l__sort_max_int=\count129
\l__sort_true_max_int=\count130
\l__sort_block_int=\count131
\l__sort_begin_int=\count132
\l__sort_end_int=\count133
\l__sort_A_int=\count134
\l__sort_B_int=\count135
\l__sort_C_int=\count136
\l__tl_analysis_normal_int=\count137
\l__tl_analysis_index_int=\count138
\l__tl_analysis_nesting_int=\count139
\l__tl_analysis_type_int=\count140
\l__regex_internal_a_int=\count141
\l__regex_internal_b_int=\count142
\l__regex_internal_c_int=\count143
\l__regex_balance_int=\count144
\l__regex_group_level_int=\count145
\l__regex_mode_int=\count146
\c__regex_cs_in_class_mode_int=\count147
\c__regex_cs_mode_int=\count148
\l__regex_catcodes_int=\count149
\l__regex_default_catcodes_int=\count150
\c__regex_catcode_L_int=\count151
\c__regex_catcode_O_int=\count152
\c__regex_catcode_A_int=\count153
\c__regex_all_catcodes_int=\count154
\l__regex_show_lines_int=\count155
\l__regex_min_state_int=\count156
\l__regex_max_state_int=\count157
\l__regex_left_state_int=\count158
\l__regex_right_state_int=\count159
\l__regex_capturing_group_int=\count160
\l__regex_min_pos_int=\count161
\l__regex_max_pos_int=\count162
\l__regex_curr_pos_int=\count163
\l__regex_start_pos_int=\count164
\l__regex_success_pos_int=\count165
\l__regex_curr_char_int=\count166
\l__regex_curr_catcode_int=\count167
\l__regex_last_char_int=\count168
\l__regex_case_changed_char_int=\count169
\l__regex_curr_state_int=\count170
\l__regex_step_int=\count171
\l__regex_min_active_int=\count172
\l__regex_max_active_int=\count173
\l__regex_replacement_csnames_int=\count174
\l__regex_match_count_int=\count175
\l__regex_min_submatch_int=\count176
\l__regex_submatch_int=\count177
\l__regex_zeroth_submatch_int=\count178
\g__regex_trace_regex_int=\count179
\c_empty_box=\box29
\l_tmpa_box=\box30
\l_tmpb_box=\box31
\g_tmpa_box=\box32
\g_tmpb_box=\box33
\l__box_top_dim=\dimen119
\l__box_bottom_dim=\dimen120
\l__box_left_dim=\dimen121
\l__box_right_dim=\dimen122
\l__box_top_new_dim=\dimen123
\l__box_bottom_new_dim=\dimen124
\l__box_left_new_dim=\dimen125
\l__box_right_new_dim=\dimen126
\l__box_internal_box=\box34
\l__coffin_internal_box=\box35
\l__coffin_internal_dim=\dimen127
\l__coffin_offset_x_dim=\dimen128
\l__coffin_offset_y_dim=\dimen129
\l__coffin_x_dim=\dimen130
\l__coffin_y_dim=\dimen131
\l__coffin_x_prime_dim=\dimen132
\l__coffin_y_prime_dim=\dimen133
\c_empty_coffin=\box36
\l__coffin_aligned_coffin=\box37
\l__coffin_aligned_internal_coffin=\box38
\l_tmpa_coffin=\box39
\l_tmpb_coffin=\box40
\g_tmpa_coffin=\box41
\g_tmpb_coffin=\box42
\l__coffin_bounding_shift_dim=\dimen134
\l__coffin_left_corner_dim=\dimen135
\l__coffin_right_corner_dim=\dimen136
\l__coffin_bottom_corner_dim=\dimen137
\l__coffin_top_corner_dim=\dimen138
\l__coffin_scaled_total_height_dim=\dimen139
\l__coffin_scaled_width_dim=\dimen140
\c__coffin_empty_coffin=\box43
\l__coffin_display_coffin=\box44
\l__coffin_display_coord_coffin=\box45
\l__coffin_display_pole_coffin=\box46
\l__coffin_display_offset_dim=\dimen141
\l__coffin_display_x_dim=\dimen142
\l__coffin_display_y_dim=\dimen143
\g__file_internal_ior=\read1
\l__seq_internal_a_int=\count180
\l__seq_internal_b_int=\count181
\c__deprecation_minus_one=\count182
) (C:/Users/36072/AppData/Roaming/MiKTeX/2.9/tex/latex/l3kernel/l3pdfmode.def
File: l3pdfmode.def 2019-04-06 v L3 Experimental driver: PDF mode
\l__driver_internal_box=\box47
\l__driver_color_stack_int=\count183
))
Package: xparse 2019-05-28 L3 Experimental document command parser
\l__xparse_current_arg_int=\count184
\g__xparse_grabber_int=\count185
\l__xparse_m_args_int=\count186
\l__xparse_v_nesting_int=\count187
)
Package: fontspec 2019/03/15 v2.7c Font selection for XeLaTeX and LuaLaTeX
Lua module: fontspec 2019/03/15 2.7c Font selection for XeLaTeX and LuaLaTeX ("
C:/Program Files/MiKTeX 2.9/tex/latex/fontspec/fontspec-luatex.sty"
Package: fontspec-luatex 2019/03/15 v2.7c Font selection for XeLaTeX and LuaLaTe
X
\l__fontspec_script_int=\count188
\l__fontspec_language_int=\count189
\l__fontspec_strnum_int=\count190
\l__fontspec_tmp_int=\count191
\l__fontspec_tmpa_int=\count192
\l__fontspec_tmpb_int=\count193
\l__fontspec_tmpc_int=\count194
\l__fontspec_em_int=\count195
\l__fontspec_emdef_int=\count196
\l__fontspec_strong_int=\count197
\l__fontspec_strongdef_int=\count198
\l__fontspec_tmpa_dim=\dimen144
\l__fontspec_tmpb_dim=\dimen145
\l__fontspec_tmpc_dim=\dimen146
("C:/Program Files/MiKTeX 2.9/tex/latex/base/fontenc.sty"
Package: fontenc 2018/08/11 v2.0j Standard LaTeX package
("C:/Program Files/MiKTeX 2.9/tex/latex/base/tuenc.def"
File: tuenc.def 2018/08/11 v2.0j Standard LaTeX file
LaTeX Font Info:    Redeclaring font encoding TU on input line 82.
)) ("C:/Program Files/MiKTeX 2.9/tex/latex/fontspec/fontspec.cfg")
LaTeX Info: Redefining \itshape on input line 3783.
LaTeX Info: Redefining \slshape on input line 3788.
LaTeX Info: Redefining \scshape on input line 3793.
LaTeX Info: Redefining \upshape on input line 3798.
LaTeX Info: Redefining \em on input line 3828.
LaTeX Info: Redefining \emph on input line 3853.
))
luaotfload | cache : Lookup cache loaded from C:/Users/36072/AppData/Local/MiKTe
X/2.9/luatex-cache/generic/names/luaotfload-lookup-cache.luc.

Package fontspec Info: Arial scale = 0.8311558380414313.


Package fontspec Info: Arial scale = 0.8311558380414313.


Package fontspec Info: Arial scale = 0.8311558380414313.


Package fontspec Info: Arial/B scale = 0.8311558380414313.


Package fontspec Info: Arial/B scale = 0.8311558380414313.


Package fontspec Info: Arial/I scale = 0.8311558380414313.


Package fontspec Info: Arial/I scale = 0.8311558380414313.


Package fontspec Info: Arial/BI scale = 0.8311558380414313.


Package fontspec Info: Arial/BI scale = 0.8311558380414313.


Package fontspec Info: Font family 'Arial(0)' created for font 'Arial' with
(fontspec)             options
(fontspec)             [Ligatures=TeX,Scale=MatchLowercase,Ligatures=TeX].
(fontspec)              
(fontspec)              This font family consists of the following NFSS
(fontspec)             series/shapes:
(fontspec)              
(fontspec)             - 'normal' (m/n) with NFSS spec.:
(fontspec)             <->s*[0.8311558380414313]"Arial:mode=node;script=latn;lan
guage=DFLT;+tlig;"
(fontspec)             - 'small caps'  (m/sc) with NFSS spec.:
(fontspec)             <->s*[0.8311558380414313]"Arial:mode=node;script=latn;lan
guage=DFLT;+tlig;+smcp;"
(fontspec)             - 'bold' (bx/n) with NFSS spec.:
(fontspec)             <->s*[0.8311558380414313]"Arial/B:mode=node;script=latn;l
anguage=DFLT;+tlig;"
(fontspec)             - 'bold small caps'  (bx/sc) with NFSS spec.:
(fontspec)             <->s*[0.8311558380414313]"Arial/B:mode=node;script=latn;l
anguage=DFLT;+tlig;+smcp;"
(fontspec)             - 'italic' (m/it) with NFSS spec.:
(fontspec)             <->s*[0.8311558380414313]"Arial/I:mode=node;script=latn;l
anguage=DFLT;+tlig;"
(fontspec)             - 'italic small caps'  (m/itsc) with NFSS spec.:
(fontspec)             <->s*[0.8311558380414313]"Arial/I:mode=node;script=latn;l
anguage=DFLT;+tlig;+smcp;"
(fontspec)             - 'bold italic' (bx/it) with NFSS spec.:
(fontspec)             <->s*[0.8311558380414313]"Arial/BI:mode=node;script=latn;
language=DFLT;+tlig;"
(fontspec)             - 'bold italic small caps'  (bx/itsc) with NFSS spec.:
(fontspec)             <->s*[0.8311558380414313]"Arial/BI:mode=node;script=latn;
language=DFLT;+tlig;+smcp;"

LaTeX Info: Redefining \rmfamily on input line 17.
LaTeX Font Info:    Font shape `TU/Arial(0)/m/n' will be
(Font)              scaled to size 9.97394pt on input line 17.
(C:/Users/36072/AppData/Roaming/MiKTeX/2.9/tex/latex/upquote/upquote.sty
Package: upquote 2012/04/19 v1.3 upright-quote and grave-accent glyphs in verbat
im
("C:/Program Files/MiKTeX 2.9/tex/latex/base/textcomp.sty"
Package: textcomp 2018/08/11 v2.0j Standard LaTeX package
Package textcomp Info: Sub-encoding information:
(textcomp)               5 = only ISO-Adobe without \textcurrency
(textcomp)               4 = 5 + \texteuro
(textcomp)               3 = 4 + \textohm
(textcomp)               2 = 3 + \textestimated + \textcurrency
(textcomp)               1 = TS1 - \textcircled - \t
(textcomp)               0 = TS1 (full)
(textcomp)             Font families with sub-encoding setting implement
(textcomp)             only a restricted character set as indicated.
(textcomp)             Family '?' is the default used for unknown fonts.
(textcomp)             See the documentation for details.
Package textcomp Info: Setting ? sub-encoding to TS1/1 on input line 79.
("C:/Program Files/MiKTeX 2.9/tex/latex/base/ts1enc.def"
File: ts1enc.def 2001/06/05 v3.0e (jk/car/fm) Standard LaTeX file
)
LaTeX Info: Redefining \oldstylenums on input line 334.
Package textcomp Info: Setting cmr sub-encoding to TS1/0 on input line 349.
Package textcomp Info: Setting cmss sub-encoding to TS1/0 on input line 350.
Package textcomp Info: Setting cmtt sub-encoding to TS1/0 on input line 351.
Package textcomp Info: Setting cmvtt sub-encoding to TS1/0 on input line 352.
Package textcomp Info: Setting cmbr sub-encoding to TS1/0 on input line 353.
Package textcomp Info: Setting cmtl sub-encoding to TS1/0 on input line 354.
Package textcomp Info: Setting ccr sub-encoding to TS1/0 on input line 355.
Package textcomp Info: Setting ptm sub-encoding to TS1/4 on input line 356.
Package textcomp Info: Setting pcr sub-encoding to TS1/4 on input line 357.
Package textcomp Info: Setting phv sub-encoding to TS1/4 on input line 358.
Package textcomp Info: Setting ppl sub-encoding to TS1/3 on input line 359.
Package textcomp Info: Setting pag sub-encoding to TS1/4 on input line 360.
Package textcomp Info: Setting pbk sub-encoding to TS1/4 on input line 361.
Package textcomp Info: Setting pnc sub-encoding to TS1/4 on input line 362.
Package textcomp Info: Setting pzc sub-encoding to TS1/4 on input line 363.
Package textcomp Info: Setting bch sub-encoding to TS1/4 on input line 364.
Package textcomp Info: Setting put sub-encoding to TS1/5 on input line 365.
Package textcomp Info: Setting uag sub-encoding to TS1/5 on input line 366.
Package textcomp Info: Setting ugq sub-encoding to TS1/5 on input line 367.
Package textcomp Info: Setting ul8 sub-encoding to TS1/4 on input line 368.
Package textcomp Info: Setting ul9 sub-encoding to TS1/4 on input line 369.
Package textcomp Info: Setting augie sub-encoding to TS1/5 on input line 370.
Package textcomp Info: Setting dayrom sub-encoding to TS1/3 on input line 371.
Package textcomp Info: Setting dayroms sub-encoding to TS1/3 on input line 372.
Package textcomp Info: Setting pxr sub-encoding to TS1/0 on input line 373.
Package textcomp Info: Setting pxss sub-encoding to TS1/0 on input line 374.
Package textcomp Info: Setting pxtt sub-encoding to TS1/0 on input line 375.
Package textcomp Info: Setting txr sub-encoding to TS1/0 on input line 376.
Package textcomp Info: Setting txss sub-encoding to TS1/0 on input line 377.
Package textcomp Info: Setting txtt sub-encoding to TS1/0 on input line 378.
Package textcomp Info: Setting lmr sub-encoding to TS1/0 on input line 379.
Package textcomp Info: Setting lmdh sub-encoding to TS1/0 on input line 380.
Package textcomp Info: Setting lmss sub-encoding to TS1/0 on input line 381.
Package textcomp Info: Setting lmssq sub-encoding to TS1/0 on input line 382.
Package textcomp Info: Setting lmvtt sub-encoding to TS1/0 on input line 383.
Package textcomp Info: Setting lmtt sub-encoding to TS1/0 on input line 384.
Package textcomp Info: Setting qhv sub-encoding to TS1/0 on input line 385.
Package textcomp Info: Setting qag sub-encoding to TS1/0 on input line 386.
Package textcomp Info: Setting qbk sub-encoding to TS1/0 on input line 387.
Package textcomp Info: Setting qcr sub-encoding to TS1/0 on input line 388.
Package textcomp Info: Setting qcs sub-encoding to TS1/0 on input line 389.
Package textcomp Info: Setting qpl sub-encoding to TS1/0 on input line 390.
Package textcomp Info: Setting qtm sub-encoding to TS1/0 on input line 391.
Package textcomp Info: Setting qzc sub-encoding to TS1/0 on input line 392.
Package textcomp Info: Setting qhvc sub-encoding to TS1/0 on input line 393.
Package textcomp Info: Setting futs sub-encoding to TS1/4 on input line 394.
Package textcomp Info: Setting futx sub-encoding to TS1/4 on input line 395.
Package textcomp Info: Setting futj sub-encoding to TS1/4 on input line 396.
Package textcomp Info: Setting hlh sub-encoding to TS1/3 on input line 397.
Package textcomp Info: Setting hls sub-encoding to TS1/3 on input line 398.
Package textcomp Info: Setting hlst sub-encoding to TS1/3 on input line 399.
Package textcomp Info: Setting hlct sub-encoding to TS1/5 on input line 400.
Package textcomp Info: Setting hlx sub-encoding to TS1/5 on input line 401.
Package textcomp Info: Setting hlce sub-encoding to TS1/5 on input line 402.
Package textcomp Info: Setting hlcn sub-encoding to TS1/5 on input line 403.
Package textcomp Info: Setting hlcw sub-encoding to TS1/5 on input line 404.
Package textcomp Info: Setting hlcf sub-encoding to TS1/5 on input line 405.
Package textcomp Info: Setting pplx sub-encoding to TS1/3 on input line 406.
Package textcomp Info: Setting pplj sub-encoding to TS1/3 on input line 407.
Package textcomp Info: Setting ptmx sub-encoding to TS1/4 on input line 408.
Package textcomp Info: Setting ptmj sub-encoding to TS1/4 on input line 409.
)) (C:/Users/36072/AppData/Roaming/MiKTeX/2.9/tex/latex/microtype/microtype.sty
Package: microtype 2019/02/28 v2.7b Micro-typographical refinements (RS)
("C:/Program Files/MiKTeX 2.9/tex/latex/graphics/keyval.sty"
Package: keyval 2014/10/28 v1.15 key=value parser (DPC)
\KV@toks@=\toks20
)
\MT@toks=\toks21
\MT@count=\count199
LaTeX Info: Redefining \textls on input line 790.
\MT@outer@kern=\dimen147
LaTeX Info: Redefining \textmicrotypecontext on input line 1336.
\MT@listname@count=\count266

(C:/Users/36072/AppData/Roaming/MiKTeX/2.9/tex/latex/microtype/microtype-luatex
.def
File: microtype-luatex.def 2019/02/28 v2.7b Definitions specific to luatex (RS)
Module microtype Warning: overwriting function `keepligature' on input line 59
LaTeX Info: Redefining \lsstyle on input line 681.
LaTeX Info: Redefining \lslig on input line 681.
\MT@outer@space=\skip52
)
Package microtype Info: Loading configuration file microtype.cfg.
(C:/Users/36072/AppData/Roaming/MiKTeX/2.9/tex/latex/microtype/microtype.cfg
File: microtype.cfg 2019/02/28 v2.7b microtype main configuration file (RS)
)) ("C:/Program Files/MiKTeX 2.9/tex/latex/geometry/geometry.sty"
Package: geometry 2018/04/16 v5.8 Page Geometry
("C:/Program Files/MiKTeX 2.9/tex/generic/oberdiek/ifpdf.sty"
Package: ifpdf 2018/09/07 v3.3 Provides the ifpdf switch
) ("C:/Program Files/MiKTeX 2.9/tex/generic/oberdiek/ifvtex.sty"
Package: ifvtex 2016/05/16 v1.6 Detect VTeX and its facilities (HO)
Package ifvtex Info: VTeX not detected.
)
\Gm@cnth=\count267
\Gm@cntv=\count268
\c@Gm@tempcnt=\count269
\Gm@bindingoffset=\dimen148
\Gm@wd@mp=\dimen149
\Gm@odd@mp=\dimen150
\Gm@even@mp=\dimen151
\Gm@layoutwidth=\dimen152
\Gm@layoutheight=\dimen153
\Gm@layouthoffset=\dimen154
\Gm@layoutvoffset=\dimen155
\Gm@dimlist=\toks22
("C:/Program Files/MiKTeX 2.9/tex/latex/geometry/geometry.cfg")) ("C:/Program F
iles/MiKTeX 2.9/tex/latex/hyperref/hyperref.sty"
Package: hyperref 2018/11/30 v6.88e Hypertext links for LaTeX
("C:/Program Files/MiKTeX 2.9/tex/generic/oberdiek/hobsub-hyperref.sty"
Package: hobsub-hyperref 2016/05/16 v1.14 Bundle oberdiek, subset hyperref (HO)
("C:/Program Files/MiKTeX 2.9/tex/generic/oberdiek/hobsub-generic.sty"
Package: hobsub-generic 2016/05/16 v1.14 Bundle oberdiek, subset generic (HO)
Package: hobsub 2016/05/16 v1.14 Construct package bundles (HO)
Package: infwarerr 2016/05/16 v1.4 Providing info/warning/error messages (HO)
Package: ltxcmds 2016/05/16 v1.23 LaTeX kernel commands for general use (HO)
Package hobsub Info: Skipping package `ifluatex' (already loaded).
Package hobsub Info: Skipping package `ifvtex' (already loaded).
Package: intcalc 2016/05/16 v1.2 Expandable calculations with integers (HO)
Package hobsub Info: Skipping package `ifpdf' (already loaded).
Package: etexcmds 2016/05/16 v1.6 Avoid name clashes with e-TeX commands (HO)
Package: kvsetkeys 2016/05/16 v1.17 Key value parser (HO)
Package: kvdefinekeys 2016/05/16 v1.4 Define keys (HO)
Package: luatex-loader 2016/05/16 v0.6 Lua module loader (HO)
(C:/Program Files/MiKTeX 2.9/scripts/oberdiek/oberdiek.luatex.lua)
Package: pdftexcmds 2018/09/10 v0.29 Utility functions of pdfTeX for LuaTeX (HO)

Package pdftexcmds Info: \pdf@primitive is available.
Package pdftexcmds Info: \pdf@ifprimitive is available.
Package pdftexcmds Info: \pdfdraftmode found.
\pdftexcmds@toks=\toks23
Package: pdfescape 2016/05/16 v1.14 Implements pdfTeX's escape features (HO)
Package: bigintcalc 2016/05/16 v1.4 Expandable calculations on big integers (HO)

Package: bitset 2016/05/16 v1.2 Handle bit-vector datatype (HO)
Package: uniquecounter 2016/05/16 v1.3 Provide unlimited unique counter (HO)
)
Package hobsub Info: Skipping package `hobsub' (already loaded).
Package: letltxmacro 2016/05/16 v1.5 Let assignment for LaTeX macros (HO)
Package: hopatch 2016/05/16 v1.3 Wrapper for package hooks (HO)
Package: xcolor-patch 2016/05/16 xcolor patch
Package: atveryend 2016/05/16 v1.9 Hooks at the very end of document (HO)
Package atveryend Info: \enddocument detected (standard20110627).
Package: atbegshi 2016/06/09 v1.18 At begin shipout hook (HO)
Package: refcount 2016/05/16 v3.5 Data extraction from label references (HO)
Package: hycolor 2016/05/16 v1.8 Color options for hyperref/bookmark (HO)
) ("C:/Program Files/MiKTeX 2.9/tex/latex/oberdiek/auxhook.sty"
Package: auxhook 2016/05/16 v1.4 Hooks for auxiliary files (HO)
) ("C:/Program Files/MiKTeX 2.9/tex/latex/oberdiek/kvoptions.sty"
Package: kvoptions 2016/05/16 v3.12 Key value format for package options (HO)
)
\@linkdim=\dimen156
\Hy@linkcounter=\count270
\Hy@pagecounter=\count271
("C:/Program Files/MiKTeX 2.9/tex/latex/hyperref/pd1enc.def"
File: pd1enc.def 2018/11/30 v6.88e Hyperref: PDFDocEncoding definition (HO)
)
\Hy@SavedSpaceFactor=\count272
("C:/Program Files/MiKTeX 2.9/tex/latex/00miktex/hyperref.cfg"
File: hyperref.cfg 2002/06/06 v1.2 hyperref configuration of TeXLive
)
Package hyperref Info: Hyper figures OFF on input line 4519.
Package hyperref Info: Link nesting OFF on input line 4524.
Package hyperref Info: Hyper index ON on input line 4527.
Package hyperref Info: Plain pages OFF on input line 4534.
Package hyperref Info: Backreferencing OFF on input line 4539.
Package hyperref Info: Implicit mode ON; LaTeX internals redefined.
Package hyperref Info: Bookmarks ON on input line 4772.
\c@Hy@tempcnt=\count273
(C:/Users/36072/AppData/Roaming/MiKTeX/2.9/tex/latex/url/url.sty
\Urlmuskip=\muskip17
Package: url 2013/09/16  ver 3.4  Verb mode for urls, etc.
)
LaTeX Info: Redefining \url on input line 5125.
\XeTeXLinkMargin=\dimen157
\Fld@menulength=\count274
\Field@Width=\dimen158
\Fld@charsize=\dimen159
Package hyperref Info: Hyper figures OFF on input line 6380.
Package hyperref Info: Link nesting OFF on input line 6385.
Package hyperref Info: Hyper index ON on input line 6388.
Package hyperref Info: backreferencing OFF on input line 6395.
Package hyperref Info: Link coloring OFF on input line 6400.
Package hyperref Info: Link coloring with OCG OFF on input line 6405.
Package hyperref Info: PDF/A mode OFF on input line 6410.
LaTeX Info: Redefining \ref on input line 6450.
LaTeX Info: Redefining \pageref on input line 6454.
\Hy@abspage=\count275
\c@Item=\count276
\c@Hfootnote=\count277
)
Package hyperref Info: Driver (autodetected): hluatex.
("C:/Program Files/MiKTeX 2.9/tex/latex/hyperref/hluatex.def"
File: hluatex.def 2018/11/30 v6.88e Hyperref driver for luaTeX
\Fld@listcount=\count278
\c@bookmark@seq@number=\count279
("C:/Program Files/MiKTeX 2.9/tex/latex/oberdiek/rerunfilecheck.sty"
Package: rerunfilecheck 2016/05/16 v1.8 Rerun checks for auxiliary files (HO)
Package uniquecounter Info: New unique counter `rerunfilecheck' on input line 28
2.
)
\Hy@SectionHShift=\skip53
)
Package hyperref Info: Option `unicode' set `true' on input line 31.
("C:/Program Files/MiKTeX 2.9/tex/latex/hyperref/puenc.def"
File: puenc.def 2018/11/30 v6.88e Hyperref: PDF Unicode definition (HO)
)
Package hyperref Info: Option `breaklinks' set `true' on input line 31.
("C:/Program Files/MiKTeX 2.9/tex/latex/graphics/color.sty"
Package: color 2016/07/10 v1.1e Standard LaTeX Color (DPC)
("C:/Program Files/MiKTeX 2.9/tex/latex/graphics-cfg/color.cfg"
File: color.cfg 2016/01/02 v1.6 sample color configuration
)
Package color Info: Driver file: luatex.def on input line 147.
("C:/Program Files/MiKTeX 2.9/tex/latex/graphics-def/luatex.def"
File: luatex.def 2018/01/08 v1.0l Graphics/color driver for luatex
)) (C:/Users/36072/AppData/Roaming/MiKTeX/2.9/tex/latex/fancyvrb/fancyvrb.sty
Package: fancyvrb 2019/01/15
Style option: `fancyvrb' v3.2a <2019/01/15> (tvz)
\FV@CodeLineNo=\count280
\FV@InFile=\read2
\FV@TabBox=\box48
\c@FancyVerbLine=\count281
\FV@StepNumber=\count282
\FV@OutFile=\write3
) (C:/Users/36072/AppData/Roaming/MiKTeX/2.9/tex/latex/framed/framed.sty
Package: framed 2011/10/22 v 0.96: framed or shaded text with page breaks
\OuterFrameSep=\skip54
\fb@frw=\dimen160
\fb@frh=\dimen161
\FrameRule=\dimen162
\FrameSep=\dimen163
) ("C:/Program Files/MiKTeX 2.9/tex/latex/graphics/graphicx.sty"
Package: graphicx 2017/06/01 v1.1a Enhanced LaTeX Graphics (DPC,SPQR)
("C:/Program Files/MiKTeX 2.9/tex/latex/graphics/graphics.sty"
Package: graphics 2017/06/25 v1.2c Standard LaTeX Graphics (DPC,SPQR)
("C:/Program Files/MiKTeX 2.9/tex/latex/graphics/trig.sty"
Package: trig 2016/01/03 v1.10 sin cos tan (DPC)
) ("C:/Program Files/MiKTeX 2.9/tex/latex/graphics-cfg/graphics.cfg"
File: graphics.cfg 2016/06/04 v1.11 sample graphics configuration
)
Package graphics Info: Driver file: luatex.def on input line 99.
)
\Gin@req@height=\dimen164
\Gin@req@width=\dimen165
) ("C:/Program Files/MiKTeX 2.9/tex/latex/oberdiek/grffile.sty"
Package: grffile 2017/06/30 v1.18 Extended file name support for graphics (HO)
Package grffile Info: Option `multidot' is set to `true'.
Package grffile Info: Option `extendedchars' is set to `false'.
Package grffile Info: Option `space' is set to `true'.
Package grffile Info: \Gin@ii of package `graphicx' fixed on input line 494.
) (C:/Users/36072/AppData/Roaming/MiKTeX/2.9/tex/latex/parskip/parskip.sty
Package: parskip 2019-01-16 v2.0c non-zero parskip adjustments
(C:/Users/36072/AppData/Roaming/MiKTeX/2.9/tex/latex/etoolbox/etoolbox.sty
Package: etoolbox 2018/08/19 v2.5f e-TeX tools for LaTeX (JAW)
\etb@tempcnta=\count283
)) (C:/Users/36072/AppData/Roaming/MiKTeX/2.9/tex/latex/titling/titling.sty
Package: titling 2009/09/04 v2.1d maketitle typesetting
\thanksmarkwidth=\skip55
\thanksmargin=\skip56
\droptitle=\skip57
) ("C:/Program Files/MiKTeX 2.9/tex/latex/tools/indentfirst.sty"
Package: indentfirst 1995/11/23 v1.03 Indent first paragraph (DPC)
) ("C:/Program Files/MiKTeX 2.9/tex/generic/babel/babel.sty"
Package: babel 2019/06/03 3.32 The Babel package
("C:/Program Files/MiKTeX 2.9/tex/generic/babel/switch.def"
File: switch.def 2019/06/03 3.32 Babel switching mechanism
) ("C:/Program Files/MiKTeX 2.9/tex/generic/babel/luababel.def"
\l@afrikaans=\language2
Package babel Info: Non-standard hyphenation setup on input line 114.
\l@ancientgreek=\language3
\l@arabic=\language4
\l@armenian=\language5
\l@assamese=\language6
\l@basque=\language7
\l@belarusian=\language8
\l@bengali=\language9
\l@bokmal=\language10
\l@bulgarian=\language11
\l@catalan=\language12
\l@churchslavonic=\language13
\l@classiclatin=\language14
\l@coptic=\language15
\l@croatian=\language16
\l@czech=\language17
\l@danish=\language18
\l@dutch=\language19
\l@esperanto=\language20
\l@estonian=\language21
\l@ethiopic=\language22
\l@farsi=\language23
\l@finnish=\language24
\l@french=\language25
\l@friulan=\language26
\l@galician=\language27
\l@georgian=\language28
\l@german=\language29
\l@german-x-2019-04-04=\language30
\l@greek=\language31
\l@gujarati=\language32
\l@hindi=\language33
\l@hungarian=\language34
\l@icelandic=\language35
\l@indonesian=\language36
\l@interlingua=\language37
\l@irish=\language38
\l@italian=\language39
\l@kannada=\language40
\l@kurmanji=\language41
\l@latin=\language42
\l@latvian=\language43
\l@lithuanian=\language44
\l@liturgicallatin=\language45
\l@malayalam=\language46
\l@marathi=\language47
\l@mongolian=\language48
\l@mongolianlmc=\language49
\l@monogreek=\language50
\l@ngerman=\language51
\l@ngerman-x-2019-04-04=\language52
\l@nynorsk=\language53
\l@occitan=\language54
\l@oriya=\language55
\l@pali=\language56
\l@panjabi=\language57
\l@piedmontese=\language58
\l@polish=\language59
\l@portuguese=\language60
\l@romanian=\language61
\l@romansh=\language62
\l@russian=\language63
\l@sanskrit=\language64
\l@serbian=\language65
\l@serbianc=\language66
\l@slovak=\language67
\l@slovenian=\language68
\l@spanish=\language69
\l@swedish=\language70
\l@swissgerman=\language71
\l@tamil=\language72
\l@telugu=\language73
\l@thai=\language74
\l@turkish=\language75
\l@turkmen=\language76
\l@ukenglish=\language77
\l@ukrainian=\language78
\l@uppersorbian=\language79
\l@usenglishmax=\language80
\l@welsh=\language81
)
*************************************
* Local config file bblopts.cfg used
*
(C:/Users/36072/AppData/Roaming/MiKTeX/2.9/tex/latex/arabi/bblopts.cfg
File: bblopts.cfg 2005/09/08 v0.1 add Arabic and Farsi to "declared" options of 
babel
)
(C:/Users/36072/AppData/Roaming/MiKTeX/2.9/tex/latex/babel-portuges/portuges.ld
f
Language: portuges 2008/03/18 v1.2q Portuguese support from the babel system
("C:/Program Files/MiKTeX 2.9/tex/generic/babel/babel.def"
File: babel.def 2019/06/03 3.32 Babel common definitions
\babel@savecnt=\count284
\U@D=\dimen166
("C:/Program Files/MiKTeX 2.9/tex/generic/babel/luababel.def"
\bbl@attr@locale=\attribute6
))
\l@brazilian = a dialect from \language\l@portuges 
Package babel Info: Making " an active character on input line 145.
("C:/Program Files/MiKTeX 2.9/tex/generic/hyph-utf8/loadhyph/loadhyph-pt.tex" U
TF-8 Portuguese hyphenation patterns ("C:/Program Files/MiKTeX 2.9/tex/generic/
hyph-utf8/patterns/tex/hyph-pt.tex")))) ("C:/Program Files/MiKTeX 2.9/tex/latex
/base/inputenc.sty"
Package: inputenc 2018/08/11 v1.3c Input encoding file
\inpenc@prehook=\toks24
\inpenc@posthook=\toks25

Package inputenc Warning: inputenc package ignored with utf8 based engines.

) (C:/Users/36072/AppData/Roaming/MiKTeX/2.9/tex/latex/setspace/setspace.sty
Package: setspace 2011/12/19 v6.7a set line spacing
) (C:/Users/36072/AppData/Roaming/MiKTeX/2.9/tex/latex/enumitem/enumitem.sty
Package: enumitem 2019/06/20 v3.9 Customized lists
\labelindent=\skip58
\enit@outerparindent=\dimen167
\enit@toks=\toks26
\enit@inbox=\box49
\enit@count@id=\count285
\enitdp@description=\count286
)
\c@definition=\count287
(C:/Users/36072/AppData/Roaming/MiKTeX/2.9/tex/latex/pdfpages/pdfpages.sty
Package: pdfpages 2017/10/31 v0.5l Insert pages of external PDF documents (AM)
("C:/Program Files/MiKTeX 2.9/tex/latex/base/ifthen.sty"
Package: ifthen 2014/09/29 v1.1c Standard LaTeX ifthen package (DPC)
) ("C:/Program Files/MiKTeX 2.9/tex/latex/tools/calc.sty"
Package: calc 2017/05/25 v4.3 Infix arithmetic (KKT,FJ)
\calc@Acount=\count288
\calc@Bcount=\count289
\calc@Adimen=\dimen168
\calc@Bdimen=\dimen169
\calc@Askip=\skip59
\calc@Bskip=\skip60
LaTeX Info: Redefining \setlength on input line 80.
LaTeX Info: Redefining \addtolength on input line 81.
\calc@Ccount=\count290
\calc@Cskip=\skip61
) (C:/Users/36072/AppData/Roaming/MiKTeX/2.9/tex/latex/eso-pic/eso-pic.sty
Package: eso-pic 2018/04/12 v2.0h eso-pic (RN)
)
\AM@pagewidth=\dimen170
\AM@pageheight=\dimen171
(C:/Users/36072/AppData/Roaming/MiKTeX/2.9/tex/latex/pdfpages/ppluatex.def
File: ppluatex.def 2017/10/31 v0.5l Pdfpages driver for LuaTeX (AM)
)
\AM@pagebox=\box50
\AM@global@opts=\toks27
\AM@toc@title=\toks28
\c@AM@survey=\count291
\AM@templatesizebox=\box51
) (C:/Users/36072/AppData/Roaming/MiKTeX/2.9/tex/latex/fancyhdr/fancyhdr.sty
Package: fancyhdr 2019/01/31 v3.10 Extensive control of page headers and footers

\f@nch@headwidth=\skip62
\f@nch@O@elh=\skip63
\f@nch@O@erh=\skip64
\f@nch@O@olh=\skip65
\f@nch@O@orh=\skip66
\f@nch@O@elf=\skip67
\f@nch@O@erf=\skip68
\f@nch@O@olf=\skip69
\f@nch@O@orf=\skip70
) (C:/Users/36072/AppData/Roaming/MiKTeX/2.9/tex/latex/floatrow/floatrow.sty
Package: floatrow 2008/08/02 v0.3b floatrow: float package extension
(C:/Users/36072/AppData/Roaming/MiKTeX/2.9/tex/latex/caption/caption3.sty
Package: caption3 2018/09/12 v1.8c caption3 kernel (AR)
Package caption3 Info: TeX engine: e-TeX on input line 64.
\captionmargin=\dimen172
\captionmargin@=\dimen173
\captionwidth=\dimen174
\caption@tempdima=\dimen175
\caption@indent=\dimen176
\caption@parindent=\dimen177
\caption@hangindent=\dimen178
)
\c@float@type=\count292
\float@exts=\toks29
\float@box=\box52
\@floatcapt=\box53
Package floatrow Info: Modified float package code loaded on input line 455.
Package floatrow Info: Modified rotfloat package code loaded on input line 473.
\FR@everyfloat=\toks30
\flrow@foot=\insert252
\FB@wd=\dimen179
\FBo@wd=\dimen180
\FBc@wd=\dimen181
\FBo@ht=\skip71
\FBc@ht=\skip72
\FBf@ht=\skip73
\FBo@max=\skip74
\FBc@max=\skip75
\FBf@max=\skip76
\c@FBl@b=\count293
\floatbox@depth=\count294
\c@FRobj=\count295
\c@FRsobj=\count296
\Xhsize=\skip77
\sXhsize=\skip78
\Zhsize=\skip79
\sZhsize=\skip80
\flrow@rowbox=\box54
\FR@Zunitlength=\dimen182
\c@FBcnt=\count297
\FPOScnt=\count298
\LTleft=\skip81
\LTright=\skip82
\LTleft=\skip83
\LTright=\skip84
\flrow@types=\toks31
) (C:/Users/36072/AppData/Roaming/MiKTeX/2.9/tex/latex/morefloats/morefloats.st
y
Package: morefloats 2015/07/22 v1.0h Raise limit of unprocessed floats (HMM)
Package morefloats Info: Maximum number of possible floats asked for: 36
(morefloats)             (i.e. 18 more floats).
(morefloats)             LaTeX might run out of memory before this
(morefloats)             (in which case it will notify you).
) (C:/Users/36072/AppData/Roaming/MiKTeX/2.9/tex/latex/pbox/pbox.sty
Package: pbox 2011/12/07 v1.2 Dynamic parboxes
\pb@xlen=\skip85
) (C:/Users/36072/AppData/Roaming/MiKTeX/2.9/tex/latex/xcolor/xcolor.sty
Package: xcolor 2016/05/11 v2.12 LaTeX color extensions (UK)
("C:/Program Files/MiKTeX 2.9/tex/latex/graphics-cfg/color.cfg"
File: color.cfg 2016/01/02 v1.6 sample color configuration
)
Package xcolor Info: Driver file: luatex.def on input line 225.
LaTeX Info: Redefining \color on input line 709.
Package xcolor Info: Model `cmy' substituted by `cmy0' on input line 1348.
Package xcolor Info: Model `hsb' substituted by `rgb' on input line 1352.
Package xcolor Info: Model `RGB' extended on input line 1364.
Package xcolor Info: Model `HTML' substituted by `rgb' on input line 1366.
Package xcolor Info: Model `Hsb' substituted by `hsb' on input line 1367.
Package xcolor Info: Model `tHsb' substituted by `hsb' on input line 1368.
Package xcolor Info: Model `HSB' substituted by `hsb' on input line 1369.
Package xcolor Info: Model `Gray' substituted by `gray' on input line 1370.
Package xcolor Info: Model `wave' substituted by `hsb' on input line 1371.
) (C:/Users/36072/AppData/Roaming/MiKTeX/2.9/tex/latex/colortbl/colortbl.sty
Package: colortbl 2018/12/12 v1.0d Color table columns (DPC)
("C:/Program Files/MiKTeX 2.9/tex/latex/tools/array.sty"
Package: array 2018/12/30 v2.4k Tabular extension package (FMi)
\col@sep=\dimen183
\ar@mcellbox=\box55
\extrarowheight=\dimen184
\NC@list=\toks32
\extratabsurround=\skip86
\backup@length=\skip87
\ar@cellbox=\box56
)
\everycr=\toks33
\minrowclearance=\skip88
)
(C:/Users/36072/AppData/Roaming/MiKTeX/2.9/tex/latex/pgf/frontendlayer/tikz.sty
(C:/Users/36072/AppData/Roaming/MiKTeX/2.9/tex/latex/pgf/basiclayer/pgf.sty (C:
/Users/36072/AppData/Roaming/MiKTeX/2.9/tex/latex/pgf/utilities/pgfrcs.sty
(C:/Users/36072/AppData/Roaming/MiKTeX/2.9/tex/generic/pgf/utilities/pgfutil-co
mmon.tex
\pgfutil@everybye=\toks34
\pgfutil@tempdima=\dimen185
\pgfutil@tempdimb=\dimen186

(C:/Users/36072/AppData/Roaming/MiKTeX/2.9/tex/generic/pgf/utilities/pgfutil-co
mmon-lists.tex))
(C:/Users/36072/AppData/Roaming/MiKTeX/2.9/tex/generic/pgf/utilities/pgfutil-la
tex.def
\pgfutil@abb=\box57
(C:/Users/36072/AppData/Roaming/MiKTeX/2.9/tex/latex/ms/everyshi.sty
Package: everyshi 2001/05/15 v3.00 EveryShipout Package (MS)
))
(C:/Users/36072/AppData/Roaming/MiKTeX/2.9/tex/generic/pgf/utilities/pgfrcs.cod
e.tex (C:/Users/36072/AppData/Roaming/MiKTeX/2.9/tex/generic/pgf/pgf.revision.t
ex)
Package: pgfrcs 2019/05/09 v3.1.3 (3.1.3)
))
Package: pgf 2019/05/09 v3.1.3 (3.1.3)

(C:/Users/36072/AppData/Roaming/MiKTeX/2.9/tex/latex/pgf/basiclayer/pgfcore.sty

(C:/Users/36072/AppData/Roaming/MiKTeX/2.9/tex/latex/pgf/systemlayer/pgfsys.sty

(C:/Users/36072/AppData/Roaming/MiKTeX/2.9/tex/generic/pgf/systemlayer/pgfsys.c
ode.tex
Package: pgfsys 2019/05/09 v3.1.3 (3.1.3)

(C:/Users/36072/AppData/Roaming/MiKTeX/2.9/tex/generic/pgf/utilities/pgfkeys.co
de.tex
\pgfkeys@pathtoks=\toks35
\pgfkeys@temptoks=\toks36

(C:/Users/36072/AppData/Roaming/MiKTeX/2.9/tex/generic/pgf/utilities/pgfkeysfil
tered.code.tex
\pgfkeys@tmptoks=\toks37
))
\pgf@x=\dimen187
\pgf@y=\dimen188
\pgf@xa=\dimen189
\pgf@ya=\dimen190
\pgf@xb=\dimen191
\pgf@yb=\dimen192
\pgf@xc=\dimen193
\pgf@yc=\dimen194
\pgf@xd=\dimen195
\pgf@yd=\dimen196
\w@pgf@writea=\write4
\r@pgf@reada=\read3
\c@pgf@counta=\count299
\c@pgf@countb=\count300
\c@pgf@countc=\count301
\c@pgf@countd=\count302
\t@pgf@toka=\toks38
\t@pgf@tokb=\toks39
\t@pgf@tokc=\toks40
\pgf@sys@id@count=\count303
(C:/Users/36072/AppData/Roaming/MiKTeX/2.9/tex/generic/pgf/systemlayer/pgf.cfg
File: pgf.cfg 2019/05/09 v3.1.3 (3.1.3)
)
Driver file for pgf: pgfsys-luatex.def

(C:/Users/36072/AppData/Roaming/MiKTeX/2.9/tex/generic/pgf/systemlayer/pgfsys-l
uatex.def
File: pgfsys-luatex.def 2019/05/09 v3.1.3 (3.1.3)

(C:/Users/36072/AppData/Roaming/MiKTeX/2.9/tex/generic/pgf/systemlayer/pgfsys-c
ommon-pdf.def
File: pgfsys-common-pdf.def 2019/05/09 v3.1.3 (3.1.3)
)))
(C:/Users/36072/AppData/Roaming/MiKTeX/2.9/tex/generic/pgf/systemlayer/pgfsysso
ftpath.code.tex
File: pgfsyssoftpath.code.tex 2019/05/09 v3.1.3 (3.1.3)
\pgfsyssoftpath@smallbuffer@items=\count304
\pgfsyssoftpath@bigbuffer@items=\count305
)
(C:/Users/36072/AppData/Roaming/MiKTeX/2.9/tex/generic/pgf/systemlayer/pgfsyspr
otocol.code.tex
File: pgfsysprotocol.code.tex 2019/05/09 v3.1.3 (3.1.3)
))
(C:/Users/36072/AppData/Roaming/MiKTeX/2.9/tex/generic/pgf/basiclayer/pgfcore.c
ode.tex
Package: pgfcore 2019/05/09 v3.1.3 (3.1.3)

(C:/Users/36072/AppData/Roaming/MiKTeX/2.9/tex/generic/pgf/math/pgfmath.code.te
x
(C:/Users/36072/AppData/Roaming/MiKTeX/2.9/tex/generic/pgf/math/pgfmathcalc.cod
e.tex
(C:/Users/36072/AppData/Roaming/MiKTeX/2.9/tex/generic/pgf/math/pgfmathutil.cod
e.tex)
(C:/Users/36072/AppData/Roaming/MiKTeX/2.9/tex/generic/pgf/math/pgfmathparser.c
ode.tex
\pgfmath@dimen=\dimen197
\pgfmath@count=\count306
\pgfmath@box=\box58
\pgfmath@toks=\toks41
\pgfmath@stack@operand=\toks42
\pgfmath@stack@operation=\toks43
)
(C:/Users/36072/AppData/Roaming/MiKTeX/2.9/tex/generic/pgf/math/pgfmathfunction
s.code.tex
(C:/Users/36072/AppData/Roaming/MiKTeX/2.9/tex/generic/pgf/math/pgfmathfunction
s.basic.code.tex)
(C:/Users/36072/AppData/Roaming/MiKTeX/2.9/tex/generic/pgf/math/pgfmathfunction
s.trigonometric.code.tex)
(C:/Users/36072/AppData/Roaming/MiKTeX/2.9/tex/generic/pgf/math/pgfmathfunction
s.random.code.tex)
(C:/Users/36072/AppData/Roaming/MiKTeX/2.9/tex/generic/pgf/math/pgfmathfunction
s.comparison.code.tex)
(C:/Users/36072/AppData/Roaming/MiKTeX/2.9/tex/generic/pgf/math/pgfmathfunction
s.base.code.tex)
(C:/Users/36072/AppData/Roaming/MiKTeX/2.9/tex/generic/pgf/math/pgfmathfunction
s.round.code.tex)
(C:/Users/36072/AppData/Roaming/MiKTeX/2.9/tex/generic/pgf/math/pgfmathfunction
s.misc.code.tex)
(C:/Users/36072/AppData/Roaming/MiKTeX/2.9/tex/generic/pgf/math/pgfmathfunction
s.integerarithmetics.code.tex)))
(C:/Users/36072/AppData/Roaming/MiKTeX/2.9/tex/generic/pgf/math/pgfmathfloat.co
de.tex
\c@pgfmathroundto@lastzeros=\count307
))
(C:/Users/36072/AppData/Roaming/MiKTeX/2.9/tex/generic/pgf/math/pgfint.code.tex
)
(C:/Users/36072/AppData/Roaming/MiKTeX/2.9/tex/generic/pgf/basiclayer/pgfcorepo
ints.code.tex
File: pgfcorepoints.code.tex 2019/05/09 v3.1.3 (3.1.3)
\pgf@picminx=\dimen198
\pgf@picmaxx=\dimen199
\pgf@picminy=\dimen256
\pgf@picmaxy=\dimen257
\pgf@pathminx=\dimen258
\pgf@pathmaxx=\dimen259
\pgf@pathminy=\dimen260
\pgf@pathmaxy=\dimen261
\pgf@xx=\dimen262
\pgf@xy=\dimen263
\pgf@yx=\dimen264
\pgf@yy=\dimen265
\pgf@zx=\dimen266
\pgf@zy=\dimen267
)
(C:/Users/36072/AppData/Roaming/MiKTeX/2.9/tex/generic/pgf/basiclayer/pgfcorepa
thconstruct.code.tex
File: pgfcorepathconstruct.code.tex 2019/05/09 v3.1.3 (3.1.3)
\pgf@path@lastx=\dimen268
\pgf@path@lasty=\dimen269
)
(C:/Users/36072/AppData/Roaming/MiKTeX/2.9/tex/generic/pgf/basiclayer/pgfcorepa
thusage.code.tex
File: pgfcorepathusage.code.tex 2019/05/09 v3.1.3 (3.1.3)
\pgf@shorten@end@additional=\dimen270
\pgf@shorten@start@additional=\dimen271
)
(C:/Users/36072/AppData/Roaming/MiKTeX/2.9/tex/generic/pgf/basiclayer/pgfcoresc
opes.code.tex
File: pgfcorescopes.code.tex 2019/05/09 v3.1.3 (3.1.3)
\pgfpic=\box59
\pgf@hbox=\box60
\pgf@layerbox@main=\box61
\pgf@picture@serial@count=\count308
)
(C:/Users/36072/AppData/Roaming/MiKTeX/2.9/tex/generic/pgf/basiclayer/pgfcoregr
aphicstate.code.tex
File: pgfcoregraphicstate.code.tex 2019/05/09 v3.1.3 (3.1.3)
\pgflinewidth=\dimen272
)
(C:/Users/36072/AppData/Roaming/MiKTeX/2.9/tex/generic/pgf/basiclayer/pgfcoretr
ansformations.code.tex
File: pgfcoretransformations.code.tex 2019/05/09 v3.1.3 (3.1.3)
\pgf@pt@x=\dimen273
\pgf@pt@y=\dimen274
\pgf@pt@temp=\dimen275
)
(C:/Users/36072/AppData/Roaming/MiKTeX/2.9/tex/generic/pgf/basiclayer/pgfcorequ
ick.code.tex
File: pgfcorequick.code.tex 2019/05/09 v3.1.3 (3.1.3)
)
(C:/Users/36072/AppData/Roaming/MiKTeX/2.9/tex/generic/pgf/basiclayer/pgfcoreob
jects.code.tex
File: pgfcoreobjects.code.tex 2019/05/09 v3.1.3 (3.1.3)
)
(C:/Users/36072/AppData/Roaming/MiKTeX/2.9/tex/generic/pgf/basiclayer/pgfcorepa
thprocessing.code.tex
File: pgfcorepathprocessing.code.tex 2019/05/09 v3.1.3 (3.1.3)
)
(C:/Users/36072/AppData/Roaming/MiKTeX/2.9/tex/generic/pgf/basiclayer/pgfcorear
rows.code.tex
File: pgfcorearrows.code.tex 2019/05/09 v3.1.3 (3.1.3)
\pgfarrowsep=\dimen276
)
(C:/Users/36072/AppData/Roaming/MiKTeX/2.9/tex/generic/pgf/basiclayer/pgfcoresh
ade.code.tex
File: pgfcoreshade.code.tex 2019/05/09 v3.1.3 (3.1.3)
\pgf@max=\dimen277
\pgf@sys@shading@range@num=\count309
\pgf@shadingcount=\count310
)
(C:/Users/36072/AppData/Roaming/MiKTeX/2.9/tex/generic/pgf/basiclayer/pgfcoreim
age.code.tex
File: pgfcoreimage.code.tex 2019/05/09 v3.1.3 (3.1.3)

(C:/Users/36072/AppData/Roaming/MiKTeX/2.9/tex/generic/pgf/basiclayer/pgfcoreex
ternal.code.tex
File: pgfcoreexternal.code.tex 2019/05/09 v3.1.3 (3.1.3)
\pgfexternal@startupbox=\box62
))
(C:/Users/36072/AppData/Roaming/MiKTeX/2.9/tex/generic/pgf/basiclayer/pgfcorela
yers.code.tex
File: pgfcorelayers.code.tex 2019/05/09 v3.1.3 (3.1.3)
)
(C:/Users/36072/AppData/Roaming/MiKTeX/2.9/tex/generic/pgf/basiclayer/pgfcoretr
ansparency.code.tex
File: pgfcoretransparency.code.tex 2019/05/09 v3.1.3 (3.1.3)
)
(C:/Users/36072/AppData/Roaming/MiKTeX/2.9/tex/generic/pgf/basiclayer/pgfcorepa
tterns.code.tex
File: pgfcorepatterns.code.tex 2019/05/09 v3.1.3 (3.1.3)
)
(C:/Users/36072/AppData/Roaming/MiKTeX/2.9/tex/generic/pgf/basiclayer/pgfcorerd
f.code.tex
File: pgfcorerdf.code.tex 2019/05/09 v3.1.3 (3.1.3)
)))
(C:/Users/36072/AppData/Roaming/MiKTeX/2.9/tex/generic/pgf/modules/pgfmodulesha
pes.code.tex
File: pgfmoduleshapes.code.tex 2019/05/09 v3.1.3 (3.1.3)
\pgfnodeparttextbox=\box63
)
(C:/Users/36072/AppData/Roaming/MiKTeX/2.9/tex/generic/pgf/modules/pgfmoduleplo
t.code.tex
File: pgfmoduleplot.code.tex 2019/05/09 v3.1.3 (3.1.3)
)
(C:/Users/36072/AppData/Roaming/MiKTeX/2.9/tex/latex/pgf/compatibility/pgfcomp-
version-0-65.sty
Package: pgfcomp-version-0-65 2019/05/09 v3.1.3 (3.1.3)
\pgf@nodesepstart=\dimen278
\pgf@nodesepend=\dimen279
)
(C:/Users/36072/AppData/Roaming/MiKTeX/2.9/tex/latex/pgf/compatibility/pgfcomp-
version-1-18.sty
Package: pgfcomp-version-1-18 2019/05/09 v3.1.3 (3.1.3)
)) (C:/Users/36072/AppData/Roaming/MiKTeX/2.9/tex/latex/pgf/utilities/pgffor.st
y (C:/Users/36072/AppData/Roaming/MiKTeX/2.9/tex/latex/pgf/utilities/pgfkeys.st
y
(C:/Users/36072/AppData/Roaming/MiKTeX/2.9/tex/generic/pgf/utilities/pgfkeys.co
de.tex)) (C:/Users/36072/AppData/Roaming/MiKTeX/2.9/tex/latex/pgf/math/pgfmath.
sty
(C:/Users/36072/AppData/Roaming/MiKTeX/2.9/tex/generic/pgf/math/pgfmath.code.te
x))
(C:/Users/36072/AppData/Roaming/MiKTeX/2.9/tex/generic/pgf/utilities/pgffor.cod
e.tex
Package: pgffor 2019/05/09 v3.1.3 (3.1.3)

(C:/Users/36072/AppData/Roaming/MiKTeX/2.9/tex/generic/pgf/math/pgfmath.code.te
x)
\pgffor@iter=\dimen280
\pgffor@skip=\dimen281
\pgffor@stack=\toks44
\pgffor@toks=\toks45
))
(C:/Users/36072/AppData/Roaming/MiKTeX/2.9/tex/generic/pgf/frontendlayer/tikz/t
ikz.code.tex
Package: tikz 2019/05/09 v3.1.3 (3.1.3)

(C:/Users/36072/AppData/Roaming/MiKTeX/2.9/tex/generic/pgf/libraries/pgflibrary
plothandlers.code.tex
File: pgflibraryplothandlers.code.tex 2019/05/09 v3.1.3 (3.1.3)
\pgf@plot@mark@count=\count311
\pgfplotmarksize=\dimen282
)
\tikz@lastx=\dimen283
\tikz@lasty=\dimen284
\tikz@lastxsaved=\dimen285
\tikz@lastysaved=\dimen286
\tikzleveldistance=\dimen287
\tikzsiblingdistance=\dimen288
\tikz@figbox=\box64
\tikz@figbox@bg=\box65
\tikz@tempbox=\box66
\tikz@tempbox@bg=\box67
\tikztreelevel=\count312
\tikznumberofchildren=\count313
\tikznumberofcurrentchild=\count314
\tikz@fig@count=\count315

(C:/Users/36072/AppData/Roaming/MiKTeX/2.9/tex/generic/pgf/modules/pgfmodulemat
rix.code.tex
File: pgfmodulematrix.code.tex 2019/05/09 v3.1.3 (3.1.3)
\pgfmatrixcurrentrow=\count316
\pgfmatrixcurrentcolumn=\count317
\pgf@matrix@numberofcolumns=\count318
)
\tikz@expandcount=\count319

(C:/Users/36072/AppData/Roaming/MiKTeX/2.9/tex/generic/pgf/frontendlayer/tikz/l
ibraries/tikzlibrarytopaths.code.tex
File: tikzlibrarytopaths.code.tex 2019/05/09 v3.1.3 (3.1.3)
))) (C:/Users/36072/AppData/Roaming/MiKTeX/2.9/tex/latex/booktabs/booktabs.sty
Package: booktabs 2005/04/14 v1.61803 publication quality tables
\heavyrulewidth=\dimen289
\lightrulewidth=\dimen290
\cmidrulewidth=\dimen291
\belowrulesep=\dimen292
\belowbottomsep=\dimen293
\aboverulesep=\dimen294
\abovetopsep=\dimen295
\cmidrulesep=\dimen296
\cmidrulekern=\dimen297
\defaultaddspace=\dimen298
\@cmidla=\count320
\@cmidlb=\count321
\@aboverulesep=\dimen299
\@belowrulesep=\dimen300
\@thisruleclass=\count322
\@lastruleclass=\count323
\@thisrulewidth=\dimen301
) ("C:/Program Files/MiKTeX 2.9/tex/latex/tools/tabularx.sty"
Package: tabularx 2016/02/03 v2.11b `tabularx' package (DPC)
\TX@col@width=\dimen302
\TX@old@table=\dimen303
\TX@old@col=\dimen304
\TX@target=\dimen305
\TX@delta=\dimen306
\TX@cols=\count324
\TX@ftn=\toks46
) (C:/Users/36072/AppData/Roaming/MiKTeX/2.9/tex/latex/caption/caption.sty
Package: caption 2018/10/06 v3.3-154 Customizing captions (AR)
\c@caption@flags=\count325
\c@ContinuedFloat=\count326
Package caption Info: float package is loaded.
Package caption Info: floatrow package is loaded.
Package caption Info: hyperref package is loaded.
) (C:/Users/36072/AppData/Roaming/MiKTeX/2.9/tex/latex/placeins/placeins.sty
Package: placeins 2005/04/18  v 2.2
) (C:/Users/36072/AppData/Roaming/MiKTeX/2.9/tex/latex/tocloft/tocloft.sty
Package: tocloft 2017/08/31 v2.3i parameterised ToC, etc., typesetting
Package tocloft Info: The document has section divisions on input line 51.
\cftparskip=\skip89
\cftbeforetoctitleskip=\skip90
\cftaftertoctitleskip=\skip91
\cftbeforepartskip=\skip92
\cftpartnumwidth=\skip93
\cftpartindent=\skip94
\cftbeforesecskip=\skip95
\cftsecindent=\skip96
\cftsecnumwidth=\skip97
\cftbeforesubsecskip=\skip98
\cftsubsecindent=\skip99
\cftsubsecnumwidth=\skip100
\cftbeforesubsubsecskip=\skip101
\cftsubsubsecindent=\skip102
\cftsubsubsecnumwidth=\skip103
\cftbeforeparaskip=\skip104
\cftparaindent=\skip105
\cftparanumwidth=\skip106
\cftbeforesubparaskip=\skip107
\cftsubparaindent=\skip108
\cftsubparanumwidth=\skip109
\cftbeforeloftitleskip=\skip110
\cftafterloftitleskip=\skip111
\cftbeforefigskip=\skip112
\cftfigindent=\skip113
\cftfignumwidth=\skip114
\c@lofdepth=\count327
\c@lotdepth=\count328
\cftbeforelottitleskip=\skip115
\cftafterlottitleskip=\skip116
\cftbeforetabskip=\skip117
\cfttabindent=\skip118
\cfttabnumwidth=\skip119

Package tocloft Warning: \@starttoc has already been redefined; tocloft bailing 
out. on input line 1147.

) ("C:/Program Files/MiKTeX 2.9/tex/latex/graphics/rotating.sty"
Package: rotating 2016/08/11 v2.16d rotated objects in LaTeX
\c@r@tfl@t=\count329
\rotFPtop=\skip120
\rotFPbot=\skip121
\rot@float@box=\box68
\rot@mess@toks=\toks47
) (C:/Users/36072/AppData/Roaming/MiKTeX/2.9/tex/latex/breakurl/breakurl.sty
Package: breakurl 2013/04/10 v1.40 Breakable hyperref URLs
("C:/Program Files/MiKTeX 2.9/tex/latex/xkeyval/xkeyval.sty"
Package: xkeyval 2014/12/03 v2.7a package option processing (HA)
("C:/Program Files/MiKTeX 2.9/tex/generic/xkeyval/xkeyval.tex" ("C:/Program Fil
es/MiKTeX 2.9/tex/generic/xkeyval/xkvutils.tex"
\XKV@toks=\toks48
\XKV@tempa@toks=\toks49
)
\XKV@depth=\count330
File: xkeyval.tex 2014/12/03 v2.7a key=value parser (HA)
))

Package breakurl Warning: You are using breakurl while processing via pdflatex.
(breakurl)                \burl will be just a synonym of \url.
(breakurl)                 on input line 48.

) (./Lista_econometria_II.aux

LaTeX Warning: Label `tab:5' multiply defined.

)
\openout1 = Lista_econometria_II.aux

LaTeX Font Info:    Checking defaults for OML/cmm/m/it on input line 167.
LaTeX Font Info:    ... okay on input line 167.
LaTeX Font Info:    Checking defaults for T1/cmr/m/n on input line 167.
LaTeX Font Info:    ... okay on input line 167.
LaTeX Font Info:    Checking defaults for OT1/cmr/m/n on input line 167.
LaTeX Font Info:    ... okay on input line 167.
LaTeX Font Info:    Checking defaults for OMS/cmsy/m/n on input line 167.
LaTeX Font Info:    ... okay on input line 167.
LaTeX Font Info:    Checking defaults for TU/lmr/m/n on input line 167.
LaTeX Font Info:    ... okay on input line 167.
LaTeX Font Info:    Checking defaults for OMX/cmex/m/n on input line 167.
LaTeX Font Info:    ... okay on input line 167.
LaTeX Font Info:    Checking defaults for U/cmr/m/n on input line 167.
LaTeX Font Info:    ... okay on input line 167.
LaTeX Font Info:    Checking defaults for TS1/cmr/m/n on input line 167.
LaTeX Font Info:    Try loading font information for TS1+cmr on input line 167.
("C:/Program Files/MiKTeX 2.9/tex/latex/base/ts1cmr.fd"
File: ts1cmr.fd 2014/09/29 v2.5h Standard LaTeX font definitions
)
LaTeX Font Info:    ... okay on input line 167.
LaTeX Font Info:    Checking defaults for PD1/pdf/m/n on input line 167.
LaTeX Font Info:    ... okay on input line 167.
LaTeX Font Info:    Checking defaults for PU/pdf/m/n on input line 167.
LaTeX Font Info:    ... okay on input line 167.
LaTeX Info: Redefining \microtypecontext on input line 167.
Package microtype Info: Generating PDF output.
Package microtype Info: Character protrusion enabled (level 2).
Package microtype Info: Using protrusion set `basicmath'.
Package microtype Info: Automatic font expansion enabled (level 2),
(microtype)             stretch: 20, shrink: 20, step: 1, non-selected.
Package microtype Info: Using default expansion set `basictext'.
Package microtype Info: No adjustment of tracking.
Package microtype Info: No adjustment of spacing.
Package microtype Info: No adjustment of kerning.
Package microtype Info: Loading generic protrusion settings for font family
(microtype)             `Arial' (encoding: TU).
(microtype)             For optimal results, create family-specific settings.
(microtype)             See the microtype manual for details.
*geometry* driver: auto-detecting
*geometry* detected driver: luatex
*geometry* verbose mode - [ preamble ] result:
* driver: luatex
* paper: a4paper
* layout: <same size as paper>
* layoutoffset:(h,v)=(0.0pt,0.0pt)
* modes: 
* h-part:(L,W,R)=(72.26999pt, 452.9679pt, 72.26999pt)
* v-part:(T,H,B)=(72.26999pt, 700.50687pt, 72.26999pt)
* \paperwidth=597.50787pt
* \paperheight=845.04684pt
* \textwidth=452.9679pt
* \textheight=700.50687pt
* \oddsidemargin=0.0pt
* \evensidemargin=0.0pt
* \topmargin=-37.0pt
* \headheight=12.0pt
* \headsep=25.0pt
* \topskip=12.0pt
* \footskip=30.0pt
* \marginparwidth=35.0pt
* \marginparsep=10.0pt
* \columnsep=10.0pt
* \skip\footins=10.8pt plus 4.0pt minus 2.0pt
* \hoffset=0.0pt
* \voffset=0.0pt
* \mag=1000
* \@twocolumnfalse
* \@twosidefalse
* \@mparswitchfalse
* \@reversemarginfalse
* (1in=72.27pt=25.4mm, 1cm=28.453pt)

\AtBeginShipoutBox=\box69
Package hyperref Info: Link coloring OFF on input line 167.
("C:/Program Files/MiKTeX 2.9/tex/latex/hyperref/nameref.sty"
Package: nameref 2016/05/21 v2.44 Cross-referencing by name of section
("C:/Program Files/MiKTeX 2.9/tex/generic/oberdiek/gettitlestring.sty"
Package: gettitlestring 2016/05/16 v1.5 Cleanup title references (HO)
)
\c@section@level=\count331
)
LaTeX Info: Redefining \ref on input line 167.
LaTeX Info: Redefining \pageref on input line 167.
LaTeX Info: Redefining \nameref on input line 167.
(./Lista_econometria_II.out) (./Lista_econometria_II.out)
\@outlinefile=\write5

\openout5 = Lista_econometria_II.out
(C:/Users/36072/AppData/Roaming/MiKTeX/2.9/tex/context/base/mkii/supp-pdf.mkii
[Loading MPS to PDF converter (version 2006.09.02).]
\scratchcounter=\count332
\scratchdimen=\dimen307
\scratchbox=\box70
\nofMPsegments=\count333
\nofMParguments=\count334
\everyMPshowfont=\toks50
\MPscratchCnt=\count335
\MPscratchDim=\dimen308
\MPnumerator=\count336
\makeMPintoPDFobject=\count337
\everyMPtoPDFconversion=\toks51
) ("C:/Program Files/MiKTeX 2.9/tex/latex/oberdiek/epstopdf-base.sty"
Package: epstopdf-base 2016/05/15 v2.6 Base part for package epstopdf
("C:/Program Files/MiKTeX 2.9/tex/latex/oberdiek/grfext.sty"
Package: grfext 2016/05/16 v1.2 Manage graphics extensions (HO)
)
Package epstopdf-base Info: Redefining graphics rule for `.eps' on input line 43
8.
Package grfext Info: Graphics extension search list:
(grfext)             [.pdf,.png,.jpg,.mps,.jpeg,.jbig2,.jb2,.PDF,.PNG,.JPG,.JPEG
,.JBIG2,.JB2,.eps]
(grfext)             \AppendGraphicsExtensions on input line 456.
) ("C:/Program Files/MiKTeX 2.9/tex/latex/oberdiek/pdflscape.sty"
Package: pdflscape 2016/05/14 v0.11 Display of landscape pages in PDF (HO)
("C:/Program Files/MiKTeX 2.9/tex/latex/graphics/lscape.sty"
Package: lscape 2000/10/22 v3.01 Landscape Pages (DPC)
)
Package pdflscape Info: Auto-detected driver: pdftex on input line 81.
)
Package caption Info: Begin \AtBeginDocument code.
Package caption Info: rotating package is loaded.
Package caption Info: End \AtBeginDocument code.
ABD: EveryShipout initializing macros
LaTeX Font Info:    Font shape `TU/Arial(0)/m/n' will be
(Font)              scaled to size 20.67929pt on input line 168.
LaTeX Font Info:    Font shape `TU/Arial(0)/m/n' will be
(Font)              scaled to size 11.96872pt on input line 168.
LaTeX Font Info:    Font shape `TU/Arial(0)/m/it' will be
(Font)              scaled to size 11.96872pt on input line 168.

Package xcolor Warning: Incompatible color definition on input line 170.

LaTeX Font Info:    Font shape `TU/lmtt/bx/n' in size <12> not available
(Font)              Font shape `TU/lmtt/b/n' tried instead on input line 197.

Package xcolor Warning: Incompatible color definition on input line 207.


Package xcolor Warning: Incompatible color definition on input line 207.


Package xcolor Warning: Incompatible color definition on input line 207.

[1

{C:/Users/36072/AppData/Local/MiKTeX/2.9/pdftex/config/pdftex.map}]

Package xcolor Warning: Incompatible color definition on input line 207.


Package xcolor Warning: Incompatible color definition on input line 207.


Package xcolor Warning: Incompatible color definition on input line 213.


Package xcolor Warning: Incompatible color definition on input line 228.


Package xcolor Warning: Incompatible color definition on input line 228.

LaTeX Font Info:    Font shape `TU/Arial(0)/m/n' will be
(Font)              scaled to size 14.36246pt on input line 231.
LaTeX Font Info:    Font shape `TU/Arial(0)/bx/n' will be
(Font)              scaled to size 14.36246pt on input line 231.
LaTeX Font Info:    Font shape `TU/Arial(0)/bx/n' will be
(Font)              scaled to size 11.96872pt on input line 234.
LaTeX Font Info:    Try loading font information for OT1+lmr on input line 238.
("C:/Program Files/MiKTeX 2.9/tex/latex/lm/ot1lmr.fd"
File: ot1lmr.fd 2009/10/30 v1.6 Font defs for Latin Modern
)
(C:/Users/36072/AppData/Roaming/MiKTeX/2.9/tex/latex/microtype/mt-LatinModernRo
man.cfg
File: mt-LatinModernRoman.cfg 2013/03/13 v1.0 microtype config. file: Latin Mode
rn Roman (RS)
)
LaTeX Font Info:    Try loading font information for OML+lmm on input line 238.
("C:/Program Files/MiKTeX 2.9/tex/latex/lm/omllmm.fd"
File: omllmm.fd 2009/10/30 v1.6 Font defs for Latin Modern
)
LaTeX Font Info:    Try loading font information for OMS+lmsy on input line 238.

("C:/Program Files/MiKTeX 2.9/tex/latex/lm/omslmsy.fd"
File: omslmsy.fd 2009/10/30 v1.6 Font defs for Latin Modern
)
LaTeX Font Info:    Try loading font information for OMX+lmex on input line 238.

("C:/Program Files/MiKTeX 2.9/tex/latex/lm/omxlmex.fd"
File: omxlmex.fd 2009/10/30 v1.6 Font defs for Latin Modern
)
LaTeX Font Info:    External font `lmex10' loaded for size
(Font)              <12> on input line 238.
LaTeX Font Info:    External font `lmex10' loaded for size
(Font)              <8> on input line 238.
LaTeX Font Info:    External font `lmex10' loaded for size
(Font)              <6> on input line 238.
LaTeX Font Info:    Try loading font information for U+msa on input line 238.
("C:/Program Files/MiKTeX 2.9/tex/latex/amsfonts/umsa.fd"
File: umsa.fd 2013/01/14 v3.01 AMS symbols A
) (C:/Users/36072/AppData/Roaming/MiKTeX/2.9/tex/latex/microtype/mt-msa.cfg
File: mt-msa.cfg 2006/02/04 v1.1 microtype config. file: AMS symbols (a) (RS)
)
LaTeX Font Info:    Try loading font information for U+msb on input line 238.
("C:/Program Files/MiKTeX 2.9/tex/latex/amsfonts/umsb.fd"
File: umsb.fd 2013/01/14 v3.01 AMS symbols B
) (C:/Users/36072/AppData/Roaming/MiKTeX/2.9/tex/latex/microtype/mt-msb.cfg
File: mt-msb.cfg 2005/06/01 v1.0 microtype config. file: AMS symbols (b) (RS)
)
LaTeX Font Info:    Font shape `TU/Arial(0)/bx/n' will be
(Font)              scaled to size 9.97394pt on input line 254.
LaTeX Font Info:    Font shape `TU/Arial(0)/m/it' will be
(Font)              scaled to size 9.97394pt on input line 269.
[2]
LaTeX Font Info:    Font shape `TU/Arial(0)/m/n' will be
(Font)              scaled to size 6.64929pt on input line 304.
LaTeX Font Info:    Font shape `TU/Arial(0)/m/n' will be
(Font)              scaled to size 4.98697pt on input line 304.
[3] [4] [5] [6] [7] [8]
LaTeX Font Info:    Font shape `TU/Arial(0)/m/n' will be
(Font)              scaled to size 8.31161pt on input line 657.
LaTeX Font Info:    External font `lmex10' loaded for size
(Font)              <10> on input line 657.
LaTeX Font Info:    External font `lmex10' loaded for size
(Font)              <7> on input line 657.
LaTeX Font Info:    External font `lmex10' loaded for size
(Font)              <5> on input line 657.
LaTeX Font Info:    Font shape `TU/Arial(0)/m/n' will be
(Font)              scaled to size 5.81813pt on input line 657.
[9]

Package xcolor Warning: Incompatible color definition on input line 715.


Package xcolor Warning: Incompatible color definition on input line 729.


Package xcolor Warning: Incompatible color definition on input line 729.

[10]

Package xcolor Warning: Incompatible color definition on input line 765.


Package xcolor Warning: Incompatible color definition on input line 891.


Package xcolor Warning: Incompatible color definition on input line 891.


Underfull \vbox (badness 5756) detected at line 891
 []


Package xcolor Warning: Incompatible color definition on input line 891.

[11]

Package xcolor Warning: Incompatible color definition on input line 891.


Package xcolor Warning: Incompatible color definition on input line 891.


Underfull \vbox (badness 10000) detected at line 891
 []


Underfull \vbox (badness 10000) detected at line 891
 []


Package xcolor Warning: Incompatible color definition on input line 891.

[12]

Package xcolor Warning: Incompatible color definition on input line 891.


Package xcolor Warning: Incompatible color definition on input line 891.


Underfull \vbox (badness 10000) detected at line 891
 []


Underfull \vbox (badness 10000) detected at line 891
 []


Package xcolor Warning: Incompatible color definition on input line 891.

[13]

Package xcolor Warning: Incompatible color definition on input line 891.


Package xcolor Warning: Incompatible color definition on input line 891.

[14]

Package xcolor Warning: Incompatible color definition on input line 954.


Package xcolor Warning: Incompatible color definition on input line 1140.


Package xcolor Warning: Incompatible color definition on input line 1140.


Package xcolor Warning: Incompatible color definition on input line 1140.

[15]

Package xcolor Warning: Incompatible color definition on input line 1140.


Package xcolor Warning: Incompatible color definition on input line 1140.


Underfull \vbox (badness 10000) detected at line 1140
 []


Underfull \vbox (badness 10000) detected at line 1140
 []


Package xcolor Warning: Incompatible color definition on input line 1140.

[16]

Package xcolor Warning: Incompatible color definition on input line 1140.


Package xcolor Warning: Incompatible color definition on input line 1140.


Underfull \vbox (badness 10000) detected at line 1140
 []


Underfull \vbox (badness 10000) detected at line 1140
 []


Package xcolor Warning: Incompatible color definition on input line 1140.

[17]

Package xcolor Warning: Incompatible color definition on input line 1140.


Package xcolor Warning: Incompatible color definition on input line 1140.


Underfull \vbox (badness 10000) detected at line 1140
 []


Underfull \vbox (badness 10000) detected at line 1140
 []


Package xcolor Warning: Incompatible color definition on input line 1140.

[18]

Package xcolor Warning: Incompatible color definition on input line 1140.


Package xcolor Warning: Incompatible color definition on input line 1140.


Underfull \vbox (badness 10000) detected at line 1140
 []


Underfull \vbox (badness 10000) detected at line 1140
 []


Package xcolor Warning: Incompatible color definition on input line 1140.

[19]

Package xcolor Warning: Incompatible color definition on input line 1140.


Package xcolor Warning: Incompatible color definition on input line 1140.


Overfull \hbox (307.1712pt too wide) in paragraph at lines 1144--1144
[]\TU/lmtt/m/n/12 ## Convergência atingida em  212  iteraçõesConvergência a
tingida em  202  iteraçõesConvergência atingida em  202  iterações[] 
 []


Package xcolor Warning: Incompatible color definition on input line 1148.


Package xcolor Warning: Incompatible color definition on input line 1157.


Package xcolor Warning: Incompatible color definition on input line 1157.

[20]

Package xcolor Warning: Incompatible color definition on input line 1189.


Package xcolor Warning: Incompatible color definition on input line 1193.


Package xcolor Warning: Incompatible color definition on input line 1193.

<Lista_econometria_II_files/figure-latex/unnamed-chunk-5-1.pdf, id=173, 433.62pt
 x 289.08pt>
File: Lista_econometria_II_files/figure-latex/unnamed-chunk-5-1.pdf Graphic file
 (type pdf)
<use Lista_econometria_II_files/figure-latex/unnamed-chunk-5-1.pdf>
Package luatex.def Info: Lista_econometria_II_files/figure-latex/unnamed-chunk-5
-1.pdf  used on input line 1197.
(luatex.def)             Requested size: 433.63878pt x 289.09251pt.

Package xcolor Warning: Incompatible color definition on input line 1201.


Package xcolor Warning: Incompatible color definition on input line 1205.


Package xcolor Warning: Incompatible color definition on input line 1205.

<Lista_econometria_II_files/figure-latex/unnamed-chunk-6-1.pdf, id=174, 433.62pt
 x 289.08pt>
File: Lista_econometria_II_files/figure-latex/unnamed-chunk-6-1.pdf Graphic file
 (type pdf)
<use Lista_econometria_II_files/figure-latex/unnamed-chunk-6-1.pdf>
Package luatex.def Info: Lista_econometria_II_files/figure-latex/unnamed-chunk-6
-1.pdf  used on input line 1209.
(luatex.def)             Requested size: 433.63878pt x 289.09251pt.
[21<./Lista_econometria_II_files/figure-latex/unnamed-chunk-5-1.pdf>]

Package xcolor Warning: Incompatible color definition on input line 1213.


Package xcolor Warning: Incompatible color definition on input line 1217.


Package xcolor Warning: Incompatible color definition on input line 1217.

<Lista_econometria_II_files/figure-latex/unnamed-chunk-7-1.pdf, id=187, 433.62pt
 x 289.08pt>
File: Lista_econometria_II_files/figure-latex/unnamed-chunk-7-1.pdf Graphic file
 (type pdf)
<use Lista_econometria_II_files/figure-latex/unnamed-chunk-7-1.pdf>
Package luatex.def Info: Lista_econometria_II_files/figure-latex/unnamed-chunk-7
-1.pdf  used on input line 1221.
(luatex.def)             Requested size: 433.63878pt x 289.09251pt.
[22<./Lista_econometria_II_files/figure-latex/unnamed-chunk-6-1.pdf><./Lista_eco
nometria_II_files/figure-latex/unnamed-chunk-7-1.pdf>]

Package xcolor Warning: Incompatible color definition on input line 1239.


Package xcolor Warning: Incompatible color definition on input line 1248.


Package xcolor Warning: Incompatible color definition on input line 1248.

[23]

Package xcolor Warning: Incompatible color definition on input line 1303.


Package xcolor Warning: Incompatible color definition on input line 1577.


Package xcolor Warning: Incompatible color definition on input line 1577.


Underfull \vbox (badness 10000) detected at line 1577
 []


Package xcolor Warning: Incompatible color definition on input line 1577.

[24]

Package xcolor Warning: Incompatible color definition on input line 1577.


Package xcolor Warning: Incompatible color definition on input line 1577.


Underfull \vbox (badness 10000) detected at line 1577
 []


Underfull \vbox (badness 10000) detected at line 1577
 []


Package xcolor Warning: Incompatible color definition on input line 1577.

[25]

Package xcolor Warning: Incompatible color definition on input line 1577.


Package xcolor Warning: Incompatible color definition on input line 1577.


Underfull \vbox (badness 10000) detected at line 1577
 []


Underfull \vbox (badness 10000) detected at line 1577
 []


Package xcolor Warning: Incompatible color definition on input line 1577.

[26]

Package xcolor Warning: Incompatible color definition on input line 1577.


Package xcolor Warning: Incompatible color definition on input line 1577.


Underfull \vbox (badness 10000) detected at line 1577
 []


Underfull \vbox (badness 10000) detected at line 1577
 []


Package xcolor Warning: Incompatible color definition on input line 1577.

[27]

Package xcolor Warning: Incompatible color definition on input line 1577.


Package xcolor Warning: Incompatible color definition on input line 1577.


Underfull \vbox (badness 10000) detected at line 1577
 []


Underfull \vbox (badness 10000) detected at line 1577
 []


Package xcolor Warning: Incompatible color definition on input line 1577.

[28]

Package xcolor Warning: Incompatible color definition on input line 1577.


Package xcolor Warning: Incompatible color definition on input line 1577.


Underfull \vbox (badness 10000) detected at line 1577
 []


Underfull \vbox (badness 10000) detected at line 1577
 []


Package xcolor Warning: Incompatible color definition on input line 1577.

[29]

Package xcolor Warning: Incompatible color definition on input line 1577.


Package xcolor Warning: Incompatible color definition on input line 1577.


Underfull \vbox (badness 10000) detected at line 1577
 []


Underfull \vbox (badness 10000) detected at line 1577
 []


Package xcolor Warning: Incompatible color definition on input line 1577.

[30]

Package xcolor Warning: Incompatible color definition on input line 1577.


Package xcolor Warning: Incompatible color definition on input line 1577.


Overfull \hbox (307.1712pt too wide) in paragraph at lines 1581--1581
[]\TU/lmtt/m/n/12 ## Convergência atingida em  273  iteraçõesConvergência a
tingida em  248  iteraçõesConvergência atingida em  251  iterações[] 
 []


Package xcolor Warning: Incompatible color definition on input line 1583.


Package xcolor Warning: Incompatible color definition on input line 1593.


Package xcolor Warning: Incompatible color definition on input line 1593.

[31]

Package xcolor Warning: Incompatible color definition on input line 1640.


Package xcolor Warning: Incompatible color definition on input line 1679.


Package xcolor Warning: Incompatible color definition on input line 1679.


Underfull \vbox (badness 1038) detected at line 1679
 []


Package xcolor Warning: Incompatible color definition on input line 1679.

[32]

Package xcolor Warning: Incompatible color definition on input line 1679.


Package xcolor Warning: Incompatible color definition on input line 1679.


Package xcolor Warning: Incompatible color definition on input line 1699.


Package xcolor Warning: Incompatible color definition on input line 1709.


Package xcolor Warning: Incompatible color definition on input line 1709.


Package xcolor Warning: Incompatible color definition on input line 1734.

[33]

Package xcolor Warning: Incompatible color definition on input line 1772.


Package xcolor Warning: Incompatible color definition on input line 1772.


Package xcolor Warning: Incompatible color definition on input line 1774.


Package xcolor Warning: Incompatible color definition on input line 1784.


Package xcolor Warning: Incompatible color definition on input line 1784.


Underfull \vbox (badness 10000) detected at line 1784
 []


Package xcolor Warning: Incompatible color definition on input line 1784.

[34]

Package xcolor Warning: Incompatible color definition on input line 1784.


Package xcolor Warning: Incompatible color definition on input line 1784.

[35]

Package xcolor Warning: Incompatible color definition on input line 1911.

[36]

Package xcolor Warning: Incompatible color definition on input line 2084.


Package xcolor Warning: Incompatible color definition on input line 2084.


Underfull \vbox (badness 10000) detected at line 2084
 []


Package xcolor Warning: Incompatible color definition on input line 2084.

[37]

Package xcolor Warning: Incompatible color definition on input line 2084.


Package xcolor Warning: Incompatible color definition on input line 2084.


Underfull \vbox (badness 10000) detected at line 2084
 []


Underfull \vbox (badness 10000) detected at line 2084
 []


Package xcolor Warning: Incompatible color definition on input line 2084.

[38]

Package xcolor Warning: Incompatible color definition on input line 2084.


Package xcolor Warning: Incompatible color definition on input line 2084.


Underfull \vbox (badness 10000) detected at line 2084
 []


Underfull \vbox (badness 10000) detected at line 2084
 []


Package xcolor Warning: Incompatible color definition on input line 2084.

[39]

Package xcolor Warning: Incompatible color definition on input line 2084.


Package xcolor Warning: Incompatible color definition on input line 2084.


Underfull \vbox (badness 10000) detected at line 2084
 []


Underfull \vbox (badness 10000) detected at line 2084
 []


Package xcolor Warning: Incompatible color definition on input line 2084.

[40]

Package xcolor Warning: Incompatible color definition on input line 2084.


Package xcolor Warning: Incompatible color definition on input line 2084.


Package xcolor Warning: Incompatible color definition on input line 2104.


Package xcolor Warning: Incompatible color definition on input line 2113.


Package xcolor Warning: Incompatible color definition on input line 2113.


Underfull \vbox (badness 10000) detected at line 2113
 []


Package xcolor Warning: Incompatible color definition on input line 2113.

[41]

Package xcolor Warning: Incompatible color definition on input line 2113.


Package xcolor Warning: Incompatible color definition on input line 2113.


Package xcolor Warning: Incompatible color definition on input line 2148.


Package xcolor Warning: Incompatible color definition on input line 2698.


Package xcolor Warning: Incompatible color definition on input line 2698.


Package xcolor Warning: Incompatible color definition on input line 2698.

[42]

Package xcolor Warning: Incompatible color definition on input line 2698.


Package xcolor Warning: Incompatible color definition on input line 2698.


Underfull \vbox (badness 10000) detected at line 2698
 []


Underfull \vbox (badness 10000) detected at line 2698
 []


Package xcolor Warning: Incompatible color definition on input line 2698.

[43]

Package xcolor Warning: Incompatible color definition on input line 2698.


Package xcolor Warning: Incompatible color definition on input line 2698.


Underfull \vbox (badness 10000) detected at line 2698
 []


Underfull \vbox (badness 10000) detected at line 2698
 []


Package xcolor Warning: Incompatible color definition on input line 2698.

[44]

Package xcolor Warning: Incompatible color definition on input line 2698.


Package xcolor Warning: Incompatible color definition on input line 2698.


Underfull \vbox (badness 10000) detected at line 2698
 []


Underfull \vbox (badness 10000) detected at line 2698
 []


Package xcolor Warning: Incompatible color definition on input line 2698.

[45]

Package xcolor Warning: Incompatible color definition on input line 2698.


Package xcolor Warning: Incompatible color definition on input line 2698.


Underfull \vbox (badness 10000) detected at line 2698
 []


Underfull \vbox (badness 10000) detected at line 2698
 []


Package xcolor Warning: Incompatible color definition on input line 2698.

[46]

Package xcolor Warning: Incompatible color definition on input line 2698.


Package xcolor Warning: Incompatible color definition on input line 2698.


Underfull \vbox (badness 10000) detected at line 2698
 []


Underfull \vbox (badness 10000) detected at line 2698
 []


Package xcolor Warning: Incompatible color definition on input line 2698.

[47]

Package xcolor Warning: Incompatible color definition on input line 2698.


Package xcolor Warning: Incompatible color definition on input line 2698.


Underfull \vbox (badness 10000) detected at line 2698
 []


Underfull \vbox (badness 10000) detected at line 2698
 []


Package xcolor Warning: Incompatible color definition on input line 2698.

[48]

Package xcolor Warning: Incompatible color definition on input line 2698.


Package xcolor Warning: Incompatible color definition on input line 2698.


Underfull \vbox (badness 10000) detected at line 2698
 []


Underfull \vbox (badness 10000) detected at line 2698
 []


Package xcolor Warning: Incompatible color definition on input line 2698.

[49]

Package xcolor Warning: Incompatible color definition on input line 2698.


Package xcolor Warning: Incompatible color definition on input line 2698.


Underfull \vbox (badness 10000) detected at line 2698
 []


Underfull \vbox (badness 10000) detected at line 2698
 []


Package xcolor Warning: Incompatible color definition on input line 2698.

[50]

Package xcolor Warning: Incompatible color definition on input line 2698.


Package xcolor Warning: Incompatible color definition on input line 2698.


Underfull \vbox (badness 10000) detected at line 2698
 []


Underfull \vbox (badness 10000) detected at line 2698
 []


Package xcolor Warning: Incompatible color definition on input line 2698.

[51]

Package xcolor Warning: Incompatible color definition on input line 2698.


Package xcolor Warning: Incompatible color definition on input line 2698.


Underfull \vbox (badness 10000) detected at line 2698
 []


Underfull \vbox (badness 10000) detected at line 2698
 []


Package xcolor Warning: Incompatible color definition on input line 2698.

[52]

Package xcolor Warning: Incompatible color definition on input line 2698.


Package xcolor Warning: Incompatible color definition on input line 2698.


Underfull \vbox (badness 10000) detected at line 2698
 []


Underfull \vbox (badness 10000) detected at line 2698
 []


Package xcolor Warning: Incompatible color definition on input line 2698.

[53]

Package xcolor Warning: Incompatible color definition on input line 2698.


Package xcolor Warning: Incompatible color definition on input line 2698.


Underfull \vbox (badness 10000) detected at line 2698
 []


Underfull \vbox (badness 10000) detected at line 2698
 []


Package xcolor Warning: Incompatible color definition on input line 2698.

[54]

Package xcolor Warning: Incompatible color definition on input line 2698.


Package xcolor Warning: Incompatible color definition on input line 2698.


Underfull \vbox (badness 10000) detected at line 2698
 []


Underfull \vbox (badness 10000) detected at line 2698
 []


Package xcolor Warning: Incompatible color definition on input line 2698.

[55]

Package xcolor Warning: Incompatible color definition on input line 2698.


Package xcolor Warning: Incompatible color definition on input line 2698.

[56]
Package atveryend Info: Empty hook `BeforeClearDocument' on input line 2701.
Package atveryend Info: Empty hook `AfterLastShipout' on input line 2701.
(./Lista_econometria_II.aux)
Package atveryend Info: Executing hook `AtVeryEndDocument' on input line 2701.
Package atveryend Info: Executing hook `AtEndAfterFileList' on input line 2701.
Package rerunfilecheck Info: File `Lista_econometria_II.out' has not changed.
(rerunfilecheck)             Checksum: 84AAC8CBFE20E343EE5DAF29A1184E7E;1315.

LaTeX Warning: There were multiply-defined labels.

Package atveryend Info: Empty hook `AtVeryVeryEnd' on input line 2701.
)
(\end occurred inside a group at level 1)

### semi simple group (level 1) entered at line 135 (\begingroup)
### bottom level

Here is how much of LuaTeX's memory you used:
 39111 strings out of 494291
 195332,953878 words of node,token memory allocated
 1066 words of node memory still in use:
   9 hlist, 2 vlist, 3 rule, 1 dir, 7 glue, 4 kern, 1 glyph, 92 attribute, 101 g
lue_spec, 49 attribute_list, 2 write nodes
   avail lists: 1:4,2:13519,3:599,4:1806,5:2037,6:25,7:18266,8:79,9:1244,10:33,1
1:405
 41943 multiletter control sequences out of 65536+200000
 84 fonts using 23331887 bytes
 55i,11n,116p,982b,13573s stack positions out of 5000i,500n,10000p,200000b,50000s

warning  (pdf backend): unreferenced destination with name 'Hfootnote.2'

warning  (pdf backend): unreferenced destination with name 'Hfootnote.1'
{C:/Program Files/MiKTeX 2.9/fonts/enc/dvips/lm/lm-mathsy.enc}{C:/Program Files/
MiKTeX 2.9/fonts/enc/dvips/lm/lm-rm.enc}{C:/Program Files/MiKTeX 2.9/fonts/enc/d
vips/lm/lm-mathit.enc}{C:/Program Files/MiKTeX 2.9/fonts/enc/dvips/lm/lm-mathex.
enc}<C:/WINDOWS/Fonts/arialbd.ttf><c:/program files/miktex 2.9/fonts/opentype/pu
blic/lm/lmmonolt10-bold.otf><c:/program files/miktex 2.9/fonts/opentype/public/l
m/lmmono12-regular.otf><c:/program files/miktex 2.9/fonts/opentype/public/lm/lmm
ono10-italic.otf><C:/WINDOWS/Fonts/ariali.ttf><C:/WINDOWS/Fonts/arial.ttf><C:/Pr
ogram Files/MiKTeX 2.9/fonts/type1/public/lm/lmex10.pfb><C:/Program Files/MiKTeX
 2.9/fonts/type1/public/lm/lmmi10.pfb><C:/Program Files/MiKTeX 2.9/fonts/type1/p
ublic/lm/lmmi12.pfb><C:/Program Files/MiKTeX 2.9/fonts/type1/public/lm/lmmi6.pfb
><C:/Program Files/MiKTeX 2.9/fonts/type1/public/lm/lmmi8.pfb><C:/Program Files/
MiKTeX 2.9/fonts/type1/public/lm/lmr10.pfb><C:/Program Files/MiKTeX 2.9/fonts/ty
pe1/public/lm/lmr12.pfb><C:/Program Files/MiKTeX 2.9/fonts/type1/public/lm/lmr6.
pfb><C:/Program Files/MiKTeX 2.9/fonts/type1/public/lm/lmr7.pfb><C:/Program File
s/MiKTeX 2.9/fonts/type1/public/lm/lmr8.pfb><C:/Program Files/MiKTeX 2.9/fonts/t
ype1/public/lm/lmsy10.pfb><C:/Program Files/MiKTeX 2.9/fonts/type1/public/lm/lms
y6.pfb><C:/Program Files/MiKTeX 2.9/fonts/type1/public/lm/lmsy8.pfb><C:/Program 
Files/MiKTeX 2.9/fonts/type1/public/amsfonts/symbols/msam10.pfb><C:/Program File
s/MiKTeX 2.9/fonts/type1/public/amsfonts/symbols/msbm10.pfb>
Output written on Lista_econometria_II.pdf (56 pages, 475960 bytes).

PDF statistics: 447 PDF objects out of 1000 (max. 8388607)
 96 named destinations out of 1000 (max. 131072)
 88 words of extra memory for PDF output out of 10000 (max. 100000000)

